<?xml version="1.0" encoding="UTF-8"?>
<testsuite name="NCI::AppstreamGeneratorPushTest" tests="3" time="0.220525857" failures="0" errors="0" skipped="0" assertions="23" timestamp="2019-06-27T13:06:29+02:00">
  <testcase name="test_run" time="0.074679742" assertions="9">
  </testcase>
  <testcase name="test_run_no_export" time="0.002084496" assertions="3">
  </testcase>
  <testcase name="test_run_old_old" time="0.143533071" assertions="11">
  </testcase>
  <system-out>
[�[32m19462c9d�[0m] Running �[33;1mmd5sum /tmp/NCI__AppstreamGeneratorPushTest20190627-23078-1exogj/run/export/repo/main/dep11/Components-amd64.yml.gz�[0m
[�[32m19462c9d�[0m] 	63f5e1f66d4a081dcc21bb29637e69de  /tmp/NCI__AppstreamGeneratorPushTest20190627-23078-1exogj/run/export/repo/main/dep11/Components-amd64.yml.gz
[�[32m19462c9d�[0m] Finished in 0.001 seconds with exit status 0 (�[32;1msuccessful�[0m)
[�[32me50e4f45�[0m] Running �[33;1msha1sum /tmp/NCI__AppstreamGeneratorPushTest20190627-23078-1exogj/run/export/repo/main/dep11/Components-amd64.yml.gz�[0m
[�[32me50e4f45�[0m] 	c66fb48e164e5f3aeedbc880252e46d28fc49d16  /tmp/NCI__AppstreamGeneratorPushTest20190627-23078-1exogj/run/export/repo/main/dep11/Components-amd64.yml.gz
[�[32me50e4f45�[0m] Finished in 0.001 seconds with exit status 0 (�[32;1msuccessful�[0m)
[�[32m3062334c�[0m] Running �[33;1msha256sum /tmp/NCI__AppstreamGeneratorPushTest20190627-23078-1exogj/run/export/repo/main/dep11/Components-amd64.yml.gz�[0m
[�[32m3062334c�[0m] 	f36f455b2f3eaf2a13064867fb6d91527a5afdf9581daf16c56559ee83b7eeea  /tmp/NCI__AppstreamGeneratorPushTest20190627-23078-1exogj/run/export/repo/main/dep11/Components-amd64.yml.gz
[�[32m3062334c�[0m] Finished in 0.001 seconds with exit status 0 (�[32;1msuccessful�[0m)
[�[32m095c26d6�[0m] Running �[33;1msha512sum /tmp/NCI__AppstreamGeneratorPushTest20190627-23078-1exogj/run/export/repo/main/dep11/Components-amd64.yml.gz�[0m
[�[32m095c26d6�[0m] 	3429fbec12ce6157e2b9c2994b2ae74022b19f4aea0774f9aa0ec2c69fdf8f37209cc2e8654f5ac51203807a38fb2f1a541ae5cc89ba566a098e7e8f394bd223  /tmp/NCI__AppstreamGeneratorPushTest20190627-23078-1exogj/run/export/repo/main/dep11/Components-amd64.yml.gz
[�[32m095c26d6�[0m] Finished in 0.001 seconds with exit status 0 (�[32;1msuccessful�[0m)
[�[32mb0873b29�[0m] Running �[33;1mmd5sum /tmp/NCI__AppstreamGeneratorPushTest20190627-23078-1exogj/run/export/repo/main/dep11/Components-amd64.yml.xz�[0m
[�[32mb0873b29�[0m] 	2a42a2c7a5dbd3fdb2e832aed8b2cbd5  /tmp/NCI__AppstreamGeneratorPushTest20190627-23078-1exogj/run/export/repo/main/dep11/Components-amd64.yml.xz
[�[32mb0873b29�[0m] Finished in 0.001 seconds with exit status 0 (�[32;1msuccessful�[0m)
[�[32m6d81b4f7�[0m] Running �[33;1msha1sum /tmp/NCI__AppstreamGeneratorPushTest20190627-23078-1exogj/run/export/repo/main/dep11/Components-amd64.yml.xz�[0m
[�[32m6d81b4f7�[0m] 	b34c7f1060d311a7210977843d3466336d62ae1a  /tmp/NCI__AppstreamGeneratorPushTest20190627-23078-1exogj/run/export/repo/main/dep11/Components-amd64.yml.xz
[�[32m6d81b4f7�[0m] Finished in 0.001 seconds with exit status 0 (�[32;1msuccessful�[0m)
[�[32m45640e00�[0m] Running �[33;1msha256sum /tmp/NCI__AppstreamGeneratorPushTest20190627-23078-1exogj/run/export/repo/main/dep11/Components-amd64.yml.xz�[0m
[�[32m45640e00�[0m] 	0390c5584a5e57930c5373a437d46333d2a67cb2a163be2f31080ab72db60f92  /tmp/NCI__AppstreamGeneratorPushTest20190627-23078-1exogj/run/export/repo/main/dep11/Components-amd64.yml.xz
[�[32m45640e00�[0m] Finished in 0.001 seconds with exit status 0 (�[32;1msuccessful�[0m)
[�[32mba0a67e7�[0m] Running �[33;1msha512sum /tmp/NCI__AppstreamGeneratorPushTest20190627-23078-1exogj/run/export/repo/main/dep11/Components-amd64.yml.xz�[0m
[�[32mba0a67e7�[0m] 	cdaf32ee4589b6f97e67e08c47e4260c921c12e4b10537f9d2e1050a5a312348be66e1419508d0d06e9f6a4eeee3da6b7857d5182d3aad2e953e44c1645da8e9  /tmp/NCI__AppstreamGeneratorPushTest20190627-23078-1exogj/run/export/repo/main/dep11/Components-amd64.yml.xz
[�[32mba0a67e7�[0m] Finished in 0.001 seconds with exit status 0 (�[32;1msuccessful�[0m)
[�[32m04778fe4�[0m] Running �[33;1mmd5sum /tmp/NCI__AppstreamGeneratorPushTest20190627-23078-1exogj/run/export/repo/main/dep11/icons-64x64.tar.gz�[0m
[�[32m04778fe4�[0m] 	9667bd64845dc8363b10df4cfd615941  /tmp/NCI__AppstreamGeneratorPushTest20190627-23078-1exogj/run/export/repo/main/dep11/icons-64x64.tar.gz
[�[32m04778fe4�[0m] Finished in 0.004 seconds with exit status 0 (�[32;1msuccessful�[0m)
[�[32m44518d3a�[0m] Running �[33;1msha1sum /tmp/NCI__AppstreamGeneratorPushTest20190627-23078-1exogj/run/export/repo/main/dep11/icons-64x64.tar.gz�[0m
[�[32m44518d3a�[0m] 	d3f13409716f2bca4721db07bd2a1cb4e51d6c7e  /tmp/NCI__AppstreamGeneratorPushTest20190627-23078-1exogj/run/export/repo/main/dep11/icons-64x64.tar.gz
[�[32m44518d3a�[0m] Finished in 0.002 seconds with exit status 0 (�[32;1msuccessful�[0m)
[�[32me015cfcf�[0m] Running �[33;1msha256sum /tmp/NCI__AppstreamGeneratorPushTest20190627-23078-1exogj/run/export/repo/main/dep11/icons-64x64.tar.gz�[0m
[�[32me015cfcf�[0m] 	d6c72f2dda5542bee1e5dd7ce474096bef8fd8232e6a4cbdb7186ba946c10b7f  /tmp/NCI__AppstreamGeneratorPushTest20190627-23078-1exogj/run/export/repo/main/dep11/icons-64x64.tar.gz
[�[32me015cfcf�[0m] Finished in 0.001 seconds with exit status 0 (�[32;1msuccessful�[0m)
[�[32m5d874a43�[0m] Running �[33;1msha512sum /tmp/NCI__AppstreamGeneratorPushTest20190627-23078-1exogj/run/export/repo/main/dep11/icons-64x64.tar.gz�[0m
[�[32m5d874a43�[0m] 	b367bbff2de46e27cdd600ae5122838f29eb0e449a92f5479b963ae2035319b68a1454f0536615d57514fe082b07e81988d70f33104634c105ec4af74393a234  /tmp/NCI__AppstreamGeneratorPushTest20190627-23078-1exogj/run/export/repo/main/dep11/icons-64x64.tar.gz
[�[32m5d874a43�[0m] Finished in 0.001 seconds with exit status 0 (�[32;1msuccessful�[0m)
[�[32mf91cdc98�[0m] Running �[33;1mmd5sum /tmp/NCI__AppstreamGeneratorPushTest20190627-23078-1exogj/run/export/repo/main/dep11/icons-64x64@2.tar.gz�[0m
[�[32mf91cdc98�[0m] 	559ff445fc035c15bb89a4b3b28b85bd  /tmp/NCI__AppstreamGeneratorPushTest20190627-23078-1exogj/run/export/repo/main/dep11/icons-64x64@2.tar.gz
[�[32mf91cdc98�[0m] Finished in 0.001 seconds with exit status 0 (�[32;1msuccessful�[0m)
[�[32m9f4e2243�[0m] Running �[33;1msha1sum /tmp/NCI__AppstreamGeneratorPushTest20190627-23078-1exogj/run/export/repo/main/dep11/icons-64x64@2.tar.gz�[0m
[�[32m9f4e2243�[0m] 	d541170beb000d63771bfec0b37656e4315deaac  /tmp/NCI__AppstreamGeneratorPushTest20190627-23078-1exogj/run/export/repo/main/dep11/icons-64x64@2.tar.gz
[�[32m9f4e2243�[0m] Finished in 0.001 seconds with exit status 0 (�[32;1msuccessful�[0m)
[�[32m221c01a8�[0m] Running �[33;1msha256sum /tmp/NCI__AppstreamGeneratorPushTest20190627-23078-1exogj/run/export/repo/main/dep11/icons-64x64@2.tar.gz�[0m
[�[32m221c01a8�[0m] 	66a88f20f8cd712c3e06a5298237656d3b5d6b45850dde7589cd424099cf9883  /tmp/NCI__AppstreamGeneratorPushTest20190627-23078-1exogj/run/export/repo/main/dep11/icons-64x64@2.tar.gz
[�[32m221c01a8�[0m] Finished in 0.001 seconds with exit status 0 (�[32;1msuccessful�[0m)
[�[32m48e8a971�[0m] Running �[33;1msha512sum /tmp/NCI__AppstreamGeneratorPushTest20190627-23078-1exogj/run/export/repo/main/dep11/icons-64x64@2.tar.gz�[0m
[�[32m48e8a971�[0m] 	120d802acb333f95e8a7d2cefcd0645e3c5c739eef41c75a79d321efa72b8563b3f751fe36f4d4caf8d55a6b4082580c0c09ba1864a9abaf74373ee0d6585074  /tmp/NCI__AppstreamGeneratorPushTest20190627-23078-1exogj/run/export/repo/main/dep11/icons-64x64@2.tar.gz
[�[32m48e8a971�[0m] Finished in 0.001 seconds with exit status 0 (�[32;1msuccessful�[0m)
[�[32mce7ab9e0�[0m] Running �[33;1mmd5sum /tmp/NCI__AppstreamGeneratorPushTest20190627-23078-1exogj/run/export/repo/main/dep11/icons-128x128.tar.gz�[0m
[�[32mce7ab9e0�[0m] 	edf6e273bb804f93d7bc4899e94a4cd9  /tmp/NCI__AppstreamGeneratorPushTest20190627-23078-1exogj/run/export/repo/main/dep11/icons-128x128.tar.gz
[�[32mce7ab9e0�[0m] Finished in 0.001 seconds with exit status 0 (�[32;1msuccessful�[0m)
[�[32m20101273�[0m] Running �[33;1msha1sum /tmp/NCI__AppstreamGeneratorPushTest20190627-23078-1exogj/run/export/repo/main/dep11/icons-128x128.tar.gz�[0m
[�[32m20101273�[0m] 	de348026f553b896e82499990be47d469107f849  /tmp/NCI__AppstreamGeneratorPushTest20190627-23078-1exogj/run/export/repo/main/dep11/icons-128x128.tar.gz
[�[32m20101273�[0m] Finished in 0.001 seconds with exit status 0 (�[32;1msuccessful�[0m)
[�[32mbd0378f5�[0m] Running �[33;1msha256sum /tmp/NCI__AppstreamGeneratorPushTest20190627-23078-1exogj/run/export/repo/main/dep11/icons-128x128.tar.gz�[0m
[�[32mbd0378f5�[0m] 	f3075e99498f1dc4df8b352e44f88ebe9537718fcb05e714d64bbe116b3d01dd  /tmp/NCI__AppstreamGeneratorPushTest20190627-23078-1exogj/run/export/repo/main/dep11/icons-128x128.tar.gz
[�[32mbd0378f5�[0m] Finished in 0.001 seconds with exit status 0 (�[32;1msuccessful�[0m)
[�[32m4f992dc9�[0m] Running �[33;1msha512sum /tmp/NCI__AppstreamGeneratorPushTest20190627-23078-1exogj/run/export/repo/main/dep11/icons-128x128.tar.gz�[0m
[�[32m4f992dc9�[0m] 	92905ac281c3f9faad91202db786b9a1b7e2b63d951ca4d29fa3bac50886521b75a7933d22f0934c6ca406798a32ac8bbac5419840c3e7b1728dcf2120b61ee7  /tmp/NCI__AppstreamGeneratorPushTest20190627-23078-1exogj/run/export/repo/main/dep11/icons-128x128.tar.gz
[�[32m4f992dc9�[0m] Finished in 0.001 seconds with exit status 0 (�[32;1msuccessful�[0m)
[�[32m7ebc0de9�[0m] Running �[33;1mmd5sum /tmp/NCI__AppstreamGeneratorPushTest20190627-23078-1exogj/run/export/repo/main/dep11/icons-128x128@2.tar.gz�[0m
[�[32m7ebc0de9�[0m] 	dbfb9226c1ceb7c5a673e0d4514b8490  /tmp/NCI__AppstreamGeneratorPushTest20190627-23078-1exogj/run/export/repo/main/dep11/icons-128x128@2.tar.gz
[�[32m7ebc0de9�[0m] Finished in 0.001 seconds with exit status 0 (�[32;1msuccessful�[0m)
[�[32mccc50ac8�[0m] Running �[33;1msha1sum /tmp/NCI__AppstreamGeneratorPushTest20190627-23078-1exogj/run/export/repo/main/dep11/icons-128x128@2.tar.gz�[0m
[�[32mccc50ac8�[0m] 	82670cc3e5447b2d8d62ae247e09b636681322f5  /tmp/NCI__AppstreamGeneratorPushTest20190627-23078-1exogj/run/export/repo/main/dep11/icons-128x128@2.tar.gz
[�[32mccc50ac8�[0m] Finished in 0.001 seconds with exit status 0 (�[32;1msuccessful�[0m)
[�[32m13cee3a9�[0m] Running �[33;1msha256sum /tmp/NCI__AppstreamGeneratorPushTest20190627-23078-1exogj/run/export/repo/main/dep11/icons-128x128@2.tar.gz�[0m
[�[32m13cee3a9�[0m] 	378fb4c25aa4ee339a25df4042099fa5bf96bdcccf8a7a173ee7464586ae02f8  /tmp/NCI__AppstreamGeneratorPushTest20190627-23078-1exogj/run/export/repo/main/dep11/icons-128x128@2.tar.gz
[�[32m13cee3a9�[0m] Finished in 0.001 seconds with exit status 0 (�[32;1msuccessful�[0m)
[�[32m8343b48c�[0m] Running �[33;1msha512sum /tmp/NCI__AppstreamGeneratorPushTest20190627-23078-1exogj/run/export/repo/main/dep11/icons-128x128@2.tar.gz�[0m
[�[32m8343b48c�[0m] 	4d0f0dd09cadc458899fb7d3c6af9971ffdb5cf6f7a78be2e3d0603dda3a63576aba92fe8e2aa2941144da9988c87733200f734b82983f5e7a3826e720f4cfad  /tmp/NCI__AppstreamGeneratorPushTest20190627-23078-1exogj/run/export/repo/main/dep11/icons-128x128@2.tar.gz
[�[32m8343b48c�[0m] Finished in 0.001 seconds with exit status 0 (�[32;1msuccessful�[0m)
[�[32m351dff25�[0m] Running �[33;1mmd5sum /tmp/NCI__AppstreamGeneratorPushTest20190627-23078-1exogj/run/export/repo/main/dep11/Components-amd64.yml�[0m
[�[32m351dff25�[0m] 	dccf61d58db1d100d60d2836b1092a92  /tmp/NCI__AppstreamGeneratorPushTest20190627-23078-1exogj/run/export/repo/main/dep11/Components-amd64.yml
[�[32m351dff25�[0m] Finished in 0.001 seconds with exit status 0 (�[32;1msuccessful�[0m)
[�[32me2db284d�[0m] Running �[33;1msha1sum /tmp/NCI__AppstreamGeneratorPushTest20190627-23078-1exogj/run/export/repo/main/dep11/Components-amd64.yml�[0m
[�[32me2db284d�[0m] 	7a2660ba2dfe246bc816fb32f3ab2fece93b7540  /tmp/NCI__AppstreamGeneratorPushTest20190627-23078-1exogj/run/export/repo/main/dep11/Components-amd64.yml
[�[32me2db284d�[0m] Finished in 0.001 seconds with exit status 0 (�[32;1msuccessful�[0m)
[�[32m61fa9fce�[0m] Running �[33;1msha256sum /tmp/NCI__AppstreamGeneratorPushTest20190627-23078-1exogj/run/export/repo/main/dep11/Components-amd64.yml�[0m
[�[32m61fa9fce�[0m] 	9e9816a2fbc96f35408c6b30f91a3ebab681d142f0da582a8a610771abb982eb  /tmp/NCI__AppstreamGeneratorPushTest20190627-23078-1exogj/run/export/repo/main/dep11/Components-amd64.yml
[�[32m61fa9fce�[0m] Finished in 0.001 seconds with exit status 0 (�[32;1msuccessful�[0m)
[�[32m1981c756�[0m] Running �[33;1msha512sum /tmp/NCI__AppstreamGeneratorPushTest20190627-23078-1exogj/run/export/repo/main/dep11/Components-amd64.yml�[0m
[�[32m1981c756�[0m] 	e059ce2ef631c45152597449e02d1433ce2df8a251f68793478a11d600ec09e97718c730895ef8cace10a67264683a1694c3e85b1db78623d976160149dc3d85  /tmp/NCI__AppstreamGeneratorPushTest20190627-23078-1exogj/run/export/repo/main/dep11/Components-amd64.yml
[�[32m1981c756�[0m] Finished in 0.001 seconds with exit status 0 (�[32;1msuccessful�[0m)
[�[32m1d0f6495�[0m] Running �[33;1mmd5sum /tmp/NCI__AppstreamGeneratorPushTest20190627-23078-1exogj/run/export/repo/main/dep11/icons-64x64.tar�[0m
[�[32m1d0f6495�[0m] 	5be74f5b56428a2435061810bcdd0c07  /tmp/NCI__AppstreamGeneratorPushTest20190627-23078-1exogj/run/export/repo/main/dep11/icons-64x64.tar
[�[32m1d0f6495�[0m] Finished in 0.001 seconds with exit status 0 (�[32;1msuccessful�[0m)
[�[32m057273c9�[0m] Running �[33;1msha1sum /tmp/NCI__AppstreamGeneratorPushTest20190627-23078-1exogj/run/export/repo/main/dep11/icons-64x64.tar�[0m
[�[32m057273c9�[0m] 	0be1e1946b457476856c31ab50f5f4ed376c6a34  /tmp/NCI__AppstreamGeneratorPushTest20190627-23078-1exogj/run/export/repo/main/dep11/icons-64x64.tar
[�[32m057273c9�[0m] Finished in 0.001 seconds with exit status 0 (�[32;1msuccessful�[0m)
[�[32m19e02778�[0m] Running �[33;1msha256sum /tmp/NCI__AppstreamGeneratorPushTest20190627-23078-1exogj/run/export/repo/main/dep11/icons-64x64.tar�[0m
[�[32m19e02778�[0m] 	4431d93954a3060fcfc60a88b796cacc2590e3170196281d089f1e05aaeb0f87  /tmp/NCI__AppstreamGeneratorPushTest20190627-23078-1exogj/run/export/repo/main/dep11/icons-64x64.tar
[�[32m19e02778�[0m] Finished in 0.001 seconds with exit status 0 (�[32;1msuccessful�[0m)
[�[32mb2f3c965�[0m] Running �[33;1msha512sum /tmp/NCI__AppstreamGeneratorPushTest20190627-23078-1exogj/run/export/repo/main/dep11/icons-64x64.tar�[0m
[�[32mb2f3c965�[0m] 	27a9160cfb11f62d5809a3c5a4de756aa100666145c2638ffdb4956092ad3feee7009d67fe6dff2c89720970adf5721a66a688657d5ad0b7cbf54c75f5ace72f  /tmp/NCI__AppstreamGeneratorPushTest20190627-23078-1exogj/run/export/repo/main/dep11/icons-64x64.tar
[�[32mb2f3c965�[0m] Finished in 0.001 seconds with exit status 0 (�[32;1msuccessful�[0m)
[�[32m659ad4bc�[0m] Running �[33;1mmd5sum /tmp/NCI__AppstreamGeneratorPushTest20190627-23078-1exogj/run/export/repo/main/dep11/icons-64x64@2.tar�[0m
[�[32m659ad4bc�[0m] 	7707ded4459df5b3ed3363888d57d6cb  /tmp/NCI__AppstreamGeneratorPushTest20190627-23078-1exogj/run/export/repo/main/dep11/icons-64x64@2.tar
[�[32m659ad4bc�[0m] Finished in 0.001 seconds with exit status 0 (�[32;1msuccessful�[0m)
[�[32m95da0906�[0m] Running �[33;1msha1sum /tmp/NCI__AppstreamGeneratorPushTest20190627-23078-1exogj/run/export/repo/main/dep11/icons-64x64@2.tar�[0m
[�[32m95da0906�[0m] 	608ccc063451aec8607261ca31ddc4bc6d53a862  /tmp/NCI__AppstreamGeneratorPushTest20190627-23078-1exogj/run/export/repo/main/dep11/icons-64x64@2.tar
[�[32m95da0906�[0m] Finished in 0.001 seconds with exit status 0 (�[32;1msuccessful�[0m)
[�[32m3d937e12�[0m] Running �[33;1msha256sum /tmp/NCI__AppstreamGeneratorPushTest20190627-23078-1exogj/run/export/repo/main/dep11/icons-64x64@2.tar�[0m
[�[32m3d937e12�[0m] 	2607d3750aed156df63171c1ba11771803f4a2e74a5489c8aa255cd8eba096cc  /tmp/NCI__AppstreamGeneratorPushTest20190627-23078-1exogj/run/export/repo/main/dep11/icons-64x64@2.tar
[�[32m3d937e12�[0m] Finished in 0.001 seconds with exit status 0 (�[32;1msuccessful�[0m)
[�[32mba433ab4�[0m] Running �[33;1msha512sum /tmp/NCI__AppstreamGeneratorPushTest20190627-23078-1exogj/run/export/repo/main/dep11/icons-64x64@2.tar�[0m
[�[32mba433ab4�[0m] 	f7a31e1c796cb47c834e66565e4243281b7dbcb09fa3812ff4045097e88937c8cadd6a6a5e5943b079890c5281e1f18cf0503276e1ea651d25e7bf4ff7985c36  /tmp/NCI__AppstreamGeneratorPushTest20190627-23078-1exogj/run/export/repo/main/dep11/icons-64x64@2.tar
[�[32mba433ab4�[0m] Finished in 0.001 seconds with exit status 0 (�[32;1msuccessful�[0m)
[�[32mcb48db22�[0m] Running �[33;1mmd5sum /tmp/NCI__AppstreamGeneratorPushTest20190627-23078-1exogj/run/export/repo/main/dep11/icons-128x128.tar�[0m
[�[32mcb48db22�[0m] 	798999731e6635a0794ec423cc4a623e  /tmp/NCI__AppstreamGeneratorPushTest20190627-23078-1exogj/run/export/repo/main/dep11/icons-128x128.tar
[�[32mcb48db22�[0m] Finished in 0.001 seconds with exit status 0 (�[32;1msuccessful�[0m)
[�[32m735963fa�[0m] Running �[33;1msha1sum /tmp/NCI__AppstreamGeneratorPushTest20190627-23078-1exogj/run/export/repo/main/dep11/icons-128x128.tar�[0m
[�[32m735963fa�[0m] 	d21e0d5cf12349d34651e2c54456ae1ed911f981  /tmp/NCI__AppstreamGeneratorPushTest20190627-23078-1exogj/run/export/repo/main/dep11/icons-128x128.tar
[�[32m735963fa�[0m] Finished in 0.001 seconds with exit status 0 (�[32;1msuccessful�[0m)
[�[32m2a32d121�[0m] Running �[33;1msha256sum /tmp/NCI__AppstreamGeneratorPushTest20190627-23078-1exogj/run/export/repo/main/dep11/icons-128x128.tar�[0m
[�[32m2a32d121�[0m] 	b074c57fd5b2ce18dd3b787bd347087079340638926e35bd0b7cdb40a1cff9ee  /tmp/NCI__AppstreamGeneratorPushTest20190627-23078-1exogj/run/export/repo/main/dep11/icons-128x128.tar
[�[32m2a32d121�[0m] Finished in 0.001 seconds with exit status 0 (�[32;1msuccessful�[0m)
[�[32m3abf7c59�[0m] Running �[33;1msha512sum /tmp/NCI__AppstreamGeneratorPushTest20190627-23078-1exogj/run/export/repo/main/dep11/icons-128x128.tar�[0m
[�[32m3abf7c59�[0m] 	979698a7736909a27f4cb8ecfb887dda395a4f4b7b2ec7e1b0ff155e3642f1c0b25ab6f04110fdee3da225af5ae7134987cc7b9a6399d0351d33d553b3c27ba3  /tmp/NCI__AppstreamGeneratorPushTest20190627-23078-1exogj/run/export/repo/main/dep11/icons-128x128.tar
[�[32m3abf7c59�[0m] Finished in 0.001 seconds with exit status 0 (�[32;1msuccessful�[0m)
[�[32mf6b3deb2�[0m] Running �[33;1mmd5sum /tmp/NCI__AppstreamGeneratorPushTest20190627-23078-1exogj/run/export/repo/main/dep11/icons-128x128@2.tar�[0m
[�[32mf6b3deb2�[0m] 	6dbea4e94352ff654bb084a305897e1c  /tmp/NCI__AppstreamGeneratorPushTest20190627-23078-1exogj/run/export/repo/main/dep11/icons-128x128@2.tar
[�[32mf6b3deb2�[0m] Finished in 0.002 seconds with exit status 0 (�[32;1msuccessful�[0m)
[�[32m0e19e1e2�[0m] Running �[33;1msha1sum /tmp/NCI__AppstreamGeneratorPushTest20190627-23078-1exogj/run/export/repo/main/dep11/icons-128x128@2.tar�[0m
[�[32m0e19e1e2�[0m] 	22be1c0956decd58ad554c7d4ee44e3edefb4892  /tmp/NCI__AppstreamGeneratorPushTest20190627-23078-1exogj/run/export/repo/main/dep11/icons-128x128@2.tar
[�[32m0e19e1e2�[0m] Finished in 0.001 seconds with exit status 0 (�[32;1msuccessful�[0m)
[�[32m1c7e8edf�[0m] Running �[33;1msha256sum /tmp/NCI__AppstreamGeneratorPushTest20190627-23078-1exogj/run/export/repo/main/dep11/icons-128x128@2.tar�[0m
[�[32m1c7e8edf�[0m] 	c61ddcf14a6e3448ff26015503585a71ae4fba50727ce26bb6bb2353d2eef1d8  /tmp/NCI__AppstreamGeneratorPushTest20190627-23078-1exogj/run/export/repo/main/dep11/icons-128x128@2.tar
[�[32m1c7e8edf�[0m] Finished in 0.001 seconds with exit status 0 (�[32;1msuccessful�[0m)
[�[32ma8b7eda7�[0m] Running �[33;1msha512sum /tmp/NCI__AppstreamGeneratorPushTest20190627-23078-1exogj/run/export/repo/main/dep11/icons-128x128@2.tar�[0m
[�[32ma8b7eda7�[0m] 	71761edaf4021098b3887e3a766b249613039e2da04914bb0c91ddbd9a802806a3d4071177060b28728265d5c53e75307facb7618b265dc062e6288d7331ca0b  /tmp/NCI__AppstreamGeneratorPushTest20190627-23078-1exogj/run/export/repo/main/dep11/icons-128x128@2.tar
[�[32ma8b7eda7�[0m] Finished in 0.001 seconds with exit status 0 (�[32;1msuccessful�[0m)
[�[32m8f204baa�[0m] Running �[33;1mrm -rf /tmp/NCI__AppstreamGeneratorPushTest20190627-23078-1exogj/remote//home/neonarchives/asgen_push.release�[0m
[�[32m8f204baa�[0m] Finished in 0.001 seconds with exit status 0 (�[32;1msuccessful�[0m)


[�[32mf91eff6e�[0m] Running �[33;1mmkdir -p /tmp/NCI__AppstreamGeneratorPushTest20190627-23078-1exogj/remote//home/neonarchives/asgen_push.release�[0m
[�[32mf91eff6e�[0m] Finished in 0.001 seconds with exit status 0 (�[32;1msuccessful�[0m)


[�[32mb94f587a�[0m] Running �[33;1mcp -rv /tmp/NCI__AppstreamGeneratorPushTest20190627-23078-1exogj/remote//home/neonarchives/aptly/skel/release/dists/xenial/main/dep11//by-hash/. /tmp/NCI__AppstreamGeneratorPushTest20190627-23078-1exogj/remote//home/neonarchives/asgen_push.release/main/dep11//by-hash/�[0m
[�[32mb94f587a�[0m] 	�[31mcp: cannot stat '/tmp/NCI__AppstreamGeneratorPushTest20190627-23078-1exogj/remote//home/neonarchives/aptly/skel/release/dists/xenial/main/dep11//by-hash/.': No such file or directory�[0m
[�[32mb94f587a�[0m] Finished in 0.001 seconds with exit status 1 (�[31;1mfailed�[0m)

cp: cannot stat '/tmp/NCI__AppstreamGeneratorPushTest20190627-23078-1exogj/remote//home/neonarchives/aptly/skel/release/dists/xenial/main/dep11//by-hash/.': No such file or directory
/home/neonarchives/asgen_push.release/main/dep11//by-hash//MD5Sum/63f5e1f66d4a081dcc21bb29637e69de
/home/neonarchives/asgen_push.release/main/dep11//by-hash//MD5Sum/Components-amd64.yml.gz
/home/neonarchives/asgen_push.release/main/dep11//by-hash//MD5Sum/2a42a2c7a5dbd3fdb2e832aed8b2cbd5
/home/neonarchives/asgen_push.release/main/dep11//by-hash//MD5Sum/Components-amd64.yml.xz
/home/neonarchives/asgen_push.release/main/dep11//by-hash//MD5Sum/9667bd64845dc8363b10df4cfd615941
/home/neonarchives/asgen_push.release/main/dep11//by-hash//MD5Sum/icons-64x64.tar.gz
/home/neonarchives/asgen_push.release/main/dep11//by-hash//MD5Sum/559ff445fc035c15bb89a4b3b28b85bd
/home/neonarchives/asgen_push.release/main/dep11//by-hash//MD5Sum/icons-64x64@2.tar.gz
/home/neonarchives/asgen_push.release/main/dep11//by-hash//MD5Sum/edf6e273bb804f93d7bc4899e94a4cd9
/home/neonarchives/asgen_push.release/main/dep11//by-hash//MD5Sum/icons-128x128.tar.gz
/home/neonarchives/asgen_push.release/main/dep11//by-hash//MD5Sum/dbfb9226c1ceb7c5a673e0d4514b8490
/home/neonarchives/asgen_push.release/main/dep11//by-hash//MD5Sum/icons-128x128@2.tar.gz
/home/neonarchives/asgen_push.release/main/dep11//by-hash//MD5Sum/dccf61d58db1d100d60d2836b1092a92
/home/neonarchives/asgen_push.release/main/dep11//by-hash//MD5Sum/Components-amd64.yml
/home/neonarchives/asgen_push.release/main/dep11//by-hash//MD5Sum/5be74f5b56428a2435061810bcdd0c07
/home/neonarchives/asgen_push.release/main/dep11//by-hash//MD5Sum/icons-64x64.tar
/home/neonarchives/asgen_push.release/main/dep11//by-hash//MD5Sum/7707ded4459df5b3ed3363888d57d6cb
/home/neonarchives/asgen_push.release/main/dep11//by-hash//MD5Sum/icons-64x64@2.tar
/home/neonarchives/asgen_push.release/main/dep11//by-hash//MD5Sum/798999731e6635a0794ec423cc4a623e
/home/neonarchives/asgen_push.release/main/dep11//by-hash//MD5Sum/icons-128x128.tar
/home/neonarchives/asgen_push.release/main/dep11//by-hash//MD5Sum/6dbea4e94352ff654bb084a305897e1c
/home/neonarchives/asgen_push.release/main/dep11//by-hash//MD5Sum/icons-128x128@2.tar
/home/neonarchives/asgen_push.release/main/dep11//by-hash//SHA1/c66fb48e164e5f3aeedbc880252e46d28fc49d16
/home/neonarchives/asgen_push.release/main/dep11//by-hash//SHA1/Components-amd64.yml.gz
/home/neonarchives/asgen_push.release/main/dep11//by-hash//SHA1/b34c7f1060d311a7210977843d3466336d62ae1a
/home/neonarchives/asgen_push.release/main/dep11//by-hash//SHA1/Components-amd64.yml.xz
/home/neonarchives/asgen_push.release/main/dep11//by-hash//SHA1/d3f13409716f2bca4721db07bd2a1cb4e51d6c7e
/home/neonarchives/asgen_push.release/main/dep11//by-hash//SHA1/icons-64x64.tar.gz
/home/neonarchives/asgen_push.release/main/dep11//by-hash//SHA1/d541170beb000d63771bfec0b37656e4315deaac
/home/neonarchives/asgen_push.release/main/dep11//by-hash//SHA1/icons-64x64@2.tar.gz
/home/neonarchives/asgen_push.release/main/dep11//by-hash//SHA1/de348026f553b896e82499990be47d469107f849
/home/neonarchives/asgen_push.release/main/dep11//by-hash//SHA1/icons-128x128.tar.gz
/home/neonarchives/asgen_push.release/main/dep11//by-hash//SHA1/82670cc3e5447b2d8d62ae247e09b636681322f5
/home/neonarchives/asgen_push.release/main/dep11//by-hash//SHA1/icons-128x128@2.tar.gz
/home/neonarchives/asgen_push.release/main/dep11//by-hash//SHA1/7a2660ba2dfe246bc816fb32f3ab2fece93b7540
/home/neonarchives/asgen_push.release/main/dep11//by-hash//SHA1/Components-amd64.yml
/home/neonarchives/asgen_push.release/main/dep11//by-hash//SHA1/0be1e1946b457476856c31ab50f5f4ed376c6a34
/home/neonarchives/asgen_push.release/main/dep11//by-hash//SHA1/icons-64x64.tar
/home/neonarchives/asgen_push.release/main/dep11//by-hash//SHA1/608ccc063451aec8607261ca31ddc4bc6d53a862
/home/neonarchives/asgen_push.release/main/dep11//by-hash//SHA1/icons-64x64@2.tar
/home/neonarchives/asgen_push.release/main/dep11//by-hash//SHA1/d21e0d5cf12349d34651e2c54456ae1ed911f981
/home/neonarchives/asgen_push.release/main/dep11//by-hash//SHA1/icons-128x128.tar
/home/neonarchives/asgen_push.release/main/dep11//by-hash//SHA1/22be1c0956decd58ad554c7d4ee44e3edefb4892
/home/neonarchives/asgen_push.release/main/dep11//by-hash//SHA1/icons-128x128@2.tar
/home/neonarchives/asgen_push.release/main/dep11//by-hash//SHA256/f36f455b2f3eaf2a13064867fb6d91527a5afdf9581daf16c56559ee83b7eeea
/home/neonarchives/asgen_push.release/main/dep11//by-hash//SHA256/Components-amd64.yml.gz
/home/neonarchives/asgen_push.release/main/dep11//by-hash//SHA256/0390c5584a5e57930c5373a437d46333d2a67cb2a163be2f31080ab72db60f92
/home/neonarchives/asgen_push.release/main/dep11//by-hash//SHA256/Components-amd64.yml.xz
/home/neonarchives/asgen_push.release/main/dep11//by-hash//SHA256/d6c72f2dda5542bee1e5dd7ce474096bef8fd8232e6a4cbdb7186ba946c10b7f
/home/neonarchives/asgen_push.release/main/dep11//by-hash//SHA256/icons-64x64.tar.gz
/home/neonarchives/asgen_push.release/main/dep11//by-hash//SHA256/66a88f20f8cd712c3e06a5298237656d3b5d6b45850dde7589cd424099cf9883
/home/neonarchives/asgen_push.release/main/dep11//by-hash//SHA256/icons-64x64@2.tar.gz
/home/neonarchives/asgen_push.release/main/dep11//by-hash//SHA256/f3075e99498f1dc4df8b352e44f88ebe9537718fcb05e714d64bbe116b3d01dd
/home/neonarchives/asgen_push.release/main/dep11//by-hash//SHA256/icons-128x128.tar.gz
/home/neonarchives/asgen_push.release/main/dep11//by-hash//SHA256/378fb4c25aa4ee339a25df4042099fa5bf96bdcccf8a7a173ee7464586ae02f8
/home/neonarchives/asgen_push.release/main/dep11//by-hash//SHA256/icons-128x128@2.tar.gz
/home/neonarchives/asgen_push.release/main/dep11//by-hash//SHA256/9e9816a2fbc96f35408c6b30f91a3ebab681d142f0da582a8a610771abb982eb
/home/neonarchives/asgen_push.release/main/dep11//by-hash//SHA256/Components-amd64.yml
/home/neonarchives/asgen_push.release/main/dep11//by-hash//SHA256/4431d93954a3060fcfc60a88b796cacc2590e3170196281d089f1e05aaeb0f87
/home/neonarchives/asgen_push.release/main/dep11//by-hash//SHA256/icons-64x64.tar
/home/neonarchives/asgen_push.release/main/dep11//by-hash//SHA256/2607d3750aed156df63171c1ba11771803f4a2e74a5489c8aa255cd8eba096cc
/home/neonarchives/asgen_push.release/main/dep11//by-hash//SHA256/icons-64x64@2.tar
/home/neonarchives/asgen_push.release/main/dep11//by-hash//SHA256/b074c57fd5b2ce18dd3b787bd347087079340638926e35bd0b7cdb40a1cff9ee
/home/neonarchives/asgen_push.release/main/dep11//by-hash//SHA256/icons-128x128.tar
/home/neonarchives/asgen_push.release/main/dep11//by-hash//SHA256/c61ddcf14a6e3448ff26015503585a71ae4fba50727ce26bb6bb2353d2eef1d8
/home/neonarchives/asgen_push.release/main/dep11//by-hash//SHA256/icons-128x128@2.tar
/home/neonarchives/asgen_push.release/main/dep11//by-hash//SHA512/3429fbec12ce6157e2b9c2994b2ae74022b19f4aea0774f9aa0ec2c69fdf8f37209cc2e8654f5ac51203807a38fb2f1a541ae5cc89ba566a098e7e8f394bd223
/home/neonarchives/asgen_push.release/main/dep11//by-hash//SHA512/Components-amd64.yml.gz
/home/neonarchives/asgen_push.release/main/dep11//by-hash//SHA512/cdaf32ee4589b6f97e67e08c47e4260c921c12e4b10537f9d2e1050a5a312348be66e1419508d0d06e9f6a4eeee3da6b7857d5182d3aad2e953e44c1645da8e9
/home/neonarchives/asgen_push.release/main/dep11//by-hash//SHA512/Components-amd64.yml.xz
/home/neonarchives/asgen_push.release/main/dep11//by-hash//SHA512/b367bbff2de46e27cdd600ae5122838f29eb0e449a92f5479b963ae2035319b68a1454f0536615d57514fe082b07e81988d70f33104634c105ec4af74393a234
/home/neonarchives/asgen_push.release/main/dep11//by-hash//SHA512/icons-64x64.tar.gz
/home/neonarchives/asgen_push.release/main/dep11//by-hash//SHA512/120d802acb333f95e8a7d2cefcd0645e3c5c739eef41c75a79d321efa72b8563b3f751fe36f4d4caf8d55a6b4082580c0c09ba1864a9abaf74373ee0d6585074
/home/neonarchives/asgen_push.release/main/dep11//by-hash//SHA512/icons-64x64@2.tar.gz
/home/neonarchives/asgen_push.release/main/dep11//by-hash//SHA512/92905ac281c3f9faad91202db786b9a1b7e2b63d951ca4d29fa3bac50886521b75a7933d22f0934c6ca406798a32ac8bbac5419840c3e7b1728dcf2120b61ee7
/home/neonarchives/asgen_push.release/main/dep11//by-hash//SHA512/icons-128x128.tar.gz
/home/neonarchives/asgen_push.release/main/dep11//by-hash//SHA512/4d0f0dd09cadc458899fb7d3c6af9971ffdb5cf6f7a78be2e3d0603dda3a63576aba92fe8e2aa2941144da9988c87733200f734b82983f5e7a3826e720f4cfad
/home/neonarchives/asgen_push.release/main/dep11//by-hash//SHA512/icons-128x128@2.tar.gz
/home/neonarchives/asgen_push.release/main/dep11//by-hash//SHA512/e059ce2ef631c45152597449e02d1433ce2df8a251f68793478a11d600ec09e97718c730895ef8cace10a67264683a1694c3e85b1db78623d976160149dc3d85
/home/neonarchives/asgen_push.release/main/dep11//by-hash//SHA512/Components-amd64.yml
/home/neonarchives/asgen_push.release/main/dep11//by-hash//SHA512/27a9160cfb11f62d5809a3c5a4de756aa100666145c2638ffdb4956092ad3feee7009d67fe6dff2c89720970adf5721a66a688657d5ad0b7cbf54c75f5ace72f
/home/neonarchives/asgen_push.release/main/dep11//by-hash//SHA512/icons-64x64.tar
/home/neonarchives/asgen_push.release/main/dep11//by-hash//SHA512/f7a31e1c796cb47c834e66565e4243281b7dbcb09fa3812ff4045097e88937c8cadd6a6a5e5943b079890c5281e1f18cf0503276e1ea651d25e7bf4ff7985c36
/home/neonarchives/asgen_push.release/main/dep11//by-hash//SHA512/icons-64x64@2.tar
/home/neonarchives/asgen_push.release/main/dep11//by-hash//SHA512/979698a7736909a27f4cb8ecfb887dda395a4f4b7b2ec7e1b0ff155e3642f1c0b25ab6f04110fdee3da225af5ae7134987cc7b9a6399d0351d33d553b3c27ba3
/home/neonarchives/asgen_push.release/main/dep11//by-hash//SHA512/icons-128x128.tar
/home/neonarchives/asgen_push.release/main/dep11//by-hash//SHA512/71761edaf4021098b3887e3a766b249613039e2da04914bb0c91ddbd9a802806a3d4071177060b28728265d5c53e75307facb7618b265dc062e6288d7331ca0b
/home/neonarchives/asgen_push.release/main/dep11//by-hash//SHA512/icons-128x128@2.tar
[�[32m85c06872�[0m] Running �[33;1mrm -r /tmp/NCI__AppstreamGeneratorPushTest20190627-23078-1exogj/remote//home/neonarchives/aptly/skel/release/dists/xenial/�[0m
[�[32m85c06872�[0m] 	�[31mrm: cannot remove '/tmp/NCI__AppstreamGeneratorPushTest20190627-23078-1exogj/remote//home/neonarchives/aptly/skel/release/dists/xenial/': No such file or directory�[0m
[�[32m85c06872�[0m] Finished in 0.001 seconds with exit status 1 (�[31;1mfailed�[0m)

rm: cannot remove '/tmp/NCI__AppstreamGeneratorPushTest20190627-23078-1exogj/remote//home/neonarchives/aptly/skel/release/dists/xenial/': No such file or directory
[�[32md4a9d12a�[0m] Running �[33;1mmkdir -p /tmp/NCI__AppstreamGeneratorPushTest20190627-23078-1exogj/remote//home/neonarchives/aptly/skel/release/dists/xenial/�[0m
[�[32md4a9d12a�[0m] Finished in 0.001 seconds with exit status 0 (�[32;1msuccessful�[0m)


[�[32m79d9d6a2�[0m] Running �[33;1mcp -rv /tmp/NCI__AppstreamGeneratorPushTest20190627-23078-1exogj/remote//home/neonarchives/asgen_push.release/. /tmp/NCI__AppstreamGeneratorPushTest20190627-23078-1exogj/remote//home/neonarchives/aptly/skel/release/dists/xenial/�[0m
[�[32m79d9d6a2�[0m] 	'/tmp/NCI__AppstreamGeneratorPushTest20190627-23078-1exogj/remote//home/neonarchives/asgen_push.release/./main' -&gt; '/tmp/NCI__AppstreamGeneratorPushTest20190627-23078-1exogj/remote//home/neonarchives/aptly/skel/release/dists/xenial/./main'
'/tmp/NCI__AppstreamGeneratorPushTest20190627-23078-1exogj/remote//home/neonarchives/asgen_push.release/./main/dep11' -&gt; '/tmp/NCI__AppstreamGeneratorPushTest20190627-23078-1exogj/remote//home/neonarchives/aptly/skel/release/dists/xenial/./main/dep11'
'/tmp/NCI__AppstreamGeneratorPushTest20190627-23078-1exogj/remote//home/neonarchives/asgen_push.release/./main/dep11/Components-amd64.yml.gz' -&gt; '/tmp/NCI__AppstreamGeneratorPushTest20190627-23078-1exogj/remote//home/neonarchives/aptly/skel/release/dists/xenial/./main/dep11/Components-amd64.yml.gz'
'/tmp/NCI__AppstreamGeneratorPushTest20190627-23078-1exogj/remote//home/neonarchives/asgen_push.release/./main/dep11/Components-amd64.yml.xz' -&gt; '/tmp/NCI__AppstreamGeneratorPushTest20190627-23078-1exogj/remote//home/neonarchives/aptly/skel/release/dists/xenial/./main/dep11/Components-amd64.yml.xz'
'/tmp/NCI__AppstreamGeneratorPushTest20190627-23078-1exogj/remote//home/neonarchives/asgen_push.release/./main/dep11/icons-64x64.tar.gz' -&gt; '/tmp/NCI__AppstreamGeneratorPushTest20190627-23078-1exogj/remote//home/neonarchives/aptly/skel/release/dists/xenial/./main/dep11/icons-64x64.tar.gz'
'/tmp/NCI__AppstreamGeneratorPushTest20190627-23078-1exogj/remote//home/neonarchives/asgen_push.release/./main/dep11/icons-64x64@2.tar.gz' -&gt; '/tmp/NCI__AppstreamGeneratorPushTest20190627-23078-1exogj/remote//home/neonarchives/aptly/skel/release/dists/xenial/./main/dep11/icons-64x64@2.tar.gz'
'/tmp/NCI__AppstreamGeneratorPushTest20190627-23078-1exogj/remote//home/neonarchives/asgen_push.release/./main/dep11/icons-128x128.tar.gz' -&gt; '/tmp/NCI__AppstreamGeneratorPushTest20190627-23078-1exogj/remote//home/neonarchives/aptly/skel/release/dists/xenial/./main/dep11/icons-128x128.tar.gz'
'/tmp/NCI__AppstreamGeneratorPushTest20190627-23078-1exogj/remote//home/neonarchives/asgen_push.release/./main/dep11/icons-128x128@2.tar.gz' -&gt; '/tmp/NCI__AppstreamGeneratorPushTest20190627-23078-1exogj/remote//home/neonarchives/aptly/skel/release/dists/xenial/./main/dep11/icons-128x128@2.tar.gz'
'/tmp/NCI__AppstreamGeneratorPushTest20190627-23078-1exogj/remote//home/neonarchives/asgen_push.release/./main/dep11/Components-amd64.yml' -&gt; '/tmp/NCI__AppstreamGeneratorPushTest20190627-23078-1exogj/remote//home/neonarchives/aptly/skel/release/dists/xenial/./main/dep11/Components-amd64.yml'
'/tmp/NCI__AppstreamGeneratorPushTest20190627-23078-1exogj/remote//home/neonarchives/asgen_push.release/./main/dep11/icons-64x64.tar' -&gt; '/tmp/NCI__AppstreamGeneratorPushTest20190627-23078-1exogj/remote//home/neonarchives/aptly/skel/release/dists/xenial/./main/dep11/icons-64x64.tar'
'/tmp/NCI__AppstreamGeneratorPushTest20190627-23078-1exogj/remote//home/neonarchives/asgen_push.release/./main/dep11/icons-64x64@2.tar' -&gt; '/tmp/NCI__AppstreamGeneratorPushTest20190627-23078-1exogj/remote//home/neonarchives/aptly/skel/release/dists/xenial/./main/dep11/icons-64x64@2.tar'
'/tmp/NCI__AppstreamGeneratorPushTest20190627-23078-1exogj/remote//home/neonarchives/asgen_push.release/./main/dep11/icons-128x128.tar' -&gt; '/tmp/NCI__AppstreamGeneratorPushTest20190627-23078-1exogj/remote//home/neonarchives/aptly/skel/release/dists/xenial/./main/dep11/icons-128x128.tar'
'/tmp/NCI__AppstreamGeneratorPushTest20190627-23078-1exogj/remote//home/neonarchives/asgen_push.release/./main/dep11/icons-128x128@2.tar' -&gt; '/tmp/NCI__AppstreamGeneratorPushTest20190627-23078-1exogj/remote//home/neonarchives/aptly/skel/release/dists/xenial/./main/dep11/icons-128x128@2.tar'
'/tmp/NCI__AppstreamGeneratorPushTest20190627-23078-1exogj/remote//home/neonarchives/asgen_push.release/./main/dep11/by-hash' -&gt; '/tmp/NCI__AppstreamGeneratorPushTest20190627-23078-1exogj/remote//home/neonarchives/aptly/skel/release/dists/xenial/./main/dep11/by-hash'
'/tmp/NCI__AppstreamGeneratorPushTest20190627-23078-1exogj/remote//home/neonarchives/asgen_push.release/./main/dep
[�[32m79d9d6a2�[0m] 	11/by-hash/MD5Sum' -&gt; '/tmp/NCI__AppstreamGeneratorPushTest20190627-23078-1exogj/remote//home/neonarchives/aptly/skel/release/dists/xenial/./main/dep11/by-hash/MD5Sum'
'/tmp/NCI__AppstreamGeneratorPushTest20190627-23078-1exogj/remote//home/neonarchives/asgen_push.release/./main/dep11/by-hash/MD5Sum/63f5e1f66d4a081dcc21bb29637e69de' -&gt; '/tmp/NCI__AppstreamGeneratorPushTest20190627-23078-1exogj/remote//home/neonarchives/aptly/skel/release/dists/xenial/./main/dep11/by-hash/MD5Sum/63f5e1f66d4a081dcc21bb29637e69de'
'/tmp/NCI__AppstreamGeneratorPushTest20190627-23078-1exogj/remote//home/neonarchives/asgen_push.release/./main/dep11/by-hash/MD5Sum/Components-amd64.yml.gz' -&gt; '/tmp/NCI__AppstreamGeneratorPushTest20190627-23078-1exogj/remote//home/neonarchives/aptly/skel/release/dists/xenial/./main/dep11/by-hash/MD5Sum/Components-amd64.yml.gz'
'/tmp/NCI__AppstreamGeneratorPushTest20190627-23078-1exogj/remote//home/neonarchives/asgen_push.release/./main/dep11/by-hash/MD5Sum/2a42a2c7a5dbd3fdb2e832aed8b2cbd5' -&gt; '/tmp/NCI__AppstreamGeneratorPushTest20190627-23078-1exogj/remote//home/neonarchives/aptly/skel/release/dists/xenial/./main/dep11/by-hash/MD5Sum/2a42a2c7a5dbd3fdb2e832aed8b2cbd5'
'/tmp/NCI__AppstreamGeneratorPushTest20190627-23078-1exogj/remote//home/neonarchives/asgen_push.release/./main/dep11/by-hash/MD5Sum/Components-amd64.yml.xz' -&gt; '/tmp/NCI__AppstreamGeneratorPushTest20190627-23078-1exogj/remote//home/neonarchives/aptly/skel/release/dists/xenial/./main/dep11/by-hash/MD5Sum/Components-amd64.yml.xz'
'/tmp/NCI__AppstreamGeneratorPushTest20190627-23078-1exogj/remote//home/neonarchives/asgen_push.release/./main/dep11/by-hash/MD5Sum/9667bd64845dc8363b10df4cfd615941' -&gt; '/tmp/NCI__AppstreamGeneratorPushTest20190627-23078-1exogj/remote//home/neonarchives/aptly/skel/release/dists/xenial/./main/dep11/by-hash/MD5Sum/9667bd64845dc8363b10df4cfd615941'
'/tmp/NCI__AppstreamGeneratorPushTest20190627-23078-1exogj/remote//home/neonarchives/asgen_push.release/./main/dep11/by-hash/MD5Sum/icons-64x64.tar.gz' -&gt; '/tmp/NCI__AppstreamGeneratorPushTest20190627-23078-1exogj/remote//home/neonarchives/aptly/skel/release/dists/xenial/./main/dep11/by-hash/MD5Sum/icons-64x64.tar.gz'
'/tmp/NCI__AppstreamGeneratorPushTest20190627-23078-1exogj/remote//home/neonarchives/asgen_push.release/./main/dep11/by-hash/MD5Sum/559ff445fc035c15bb89a4b3b28b85bd' -&gt; '/tmp/NCI__AppstreamGeneratorPushTest20190627-23078-1exogj/remote//home/neonarchives/aptly/skel/release/dists/xenial/./main/dep11/by-hash/MD5Sum/559ff445fc035c15bb89a4b3b28b85bd'
'/tmp/NCI__AppstreamGeneratorPushTest20190627-23078-1exogj/remote//home/neonarchives/asgen_push.release/./main/dep11/by-hash/MD5Sum/icons-64x64@2.tar.gz' -&gt; '/tmp/NCI__AppstreamGeneratorPushTest20190627-23078-1exogj/remote//home/neonarchives/aptly/skel/release/dists/xenial/./main/dep11/by-hash/MD5Sum/icons-64x64@2.tar.gz'
'/tmp/NCI__AppstreamGeneratorPushTest20190627-23078-1exogj/remote//home/neonarchives/asgen_push.release/./main/dep11/by-hash/MD5Sum/edf6e273bb804f93d7bc4899e94a4cd9' -&gt; '/tmp/NCI__AppstreamGeneratorPushTest20190627-23078-1exogj/remote//home/neonarchives/aptly/skel/release/dists/xenial/./main/dep11/by-hash/MD5Sum/edf6e273bb804f93d7bc4899e94a4cd9'
'/tmp/NCI__AppstreamGeneratorPushTest20190627-23078-1exogj/remote//home/neonarchives/asgen_push.release/./main/dep11/by-hash/MD5Sum/icons-128x128.tar.gz' -&gt; '/tmp/NCI__AppstreamGeneratorPushTest20190627-23078-1exogj/remote//home/neonarchives/aptly/skel/release/dists/xenial/./main/dep11/by-hash/MD5Sum/icons-128x128.tar.gz'
'/tmp/NCI__AppstreamGeneratorPushTest20190627-23078-1exogj/remote//home/neonarchives/asgen_push.release/./main/dep11/by-hash/MD5Sum/dbfb9226c1ceb7c5a673e0d4514b8490' -&gt; '/tmp/NCI__AppstreamGeneratorPushTest20190627-23078-1exogj/remote//home/neonarchives/aptly/skel/release/dists/xenial/./main/dep11/by-hash/MD5Sum/dbfb9226c1ceb7c5a673e0d4514b8490'
'/tmp/NCI__AppstreamGeneratorPushTest20190627-23078-1exogj/remote//home/neonarchives/asgen_push.release/./main/dep11/by-hash/MD5Sum/icons-128x128@2.tar.gz' -&gt; '/tmp/NCI__AppstreamGeneratorPushTest20190627-23078-1
[�[32m79d9d6a2�[0m] 	exogj/remote//home/neonarchives/aptly/skel/release/dists/xenial/./main/dep11/by-hash/MD5Sum/icons-128x128@2.tar.gz'
'/tmp/NCI__AppstreamGeneratorPushTest20190627-23078-1exogj/remote//home/neonarchives/asgen_push.release/./main/dep11/by-hash/MD5Sum/dccf61d58db1d100d60d2836b1092a92' -&gt; '/tmp/NCI__AppstreamGeneratorPushTest20190627-23078-1exogj/remote//home/neonarchives/aptly/skel/release/dists/xenial/./main/dep11/by-hash/MD5Sum/dccf61d58db1d100d60d2836b1092a92'
'/tmp/NCI__AppstreamGeneratorPushTest20190627-23078-1exogj/remote//home/neonarchives/asgen_push.release/./main/dep11/by-hash/MD5Sum/Components-amd64.yml' -&gt; '/tmp/NCI__AppstreamGeneratorPushTest20190627-23078-1exogj/remote//home/neonarchives/aptly/skel/release/dists/xenial/./main/dep11/by-hash/MD5Sum/Components-amd64.yml'
'/tmp/NCI__AppstreamGeneratorPushTest20190627-23078-1exogj/remote//home/neonarchives/asgen_push.release/./main/dep11/by-hash/MD5Sum/5be74f5b56428a2435061810bcdd0c07' -&gt; '/tmp/NCI__AppstreamGeneratorPushTest20190627-23078-1exogj/remote//home/neonarchives/aptly/skel/release/dists/xenial/./main/dep11/by-hash/MD5Sum/5be74f5b56428a2435061810bcdd0c07'
'/tmp/NCI__AppstreamGeneratorPushTest20190627-23078-1exogj/remote//home/neonarchives/asgen_push.release/./main/dep11/by-hash/MD5Sum/icons-64x64.tar' -&gt; '/tmp/NCI__AppstreamGeneratorPushTest20190627-23078-1exogj/remote//home/neonarchives/aptly/skel/release/dists/xenial/./main/dep11/by-hash/MD5Sum/icons-64x64.tar'
'/tmp/NCI__AppstreamGeneratorPushTest20190627-23078-1exogj/remote//home/neonarchives/asgen_push.release/./main/dep11/by-hash/MD5Sum/7707ded4459df5b3ed3363888d57d6cb' -&gt; '/tmp/NCI__AppstreamGeneratorPushTest20190627-23078-1exogj/remote//home/neonarchives/aptly/skel/release/dists/xenial/./main/dep11/by-hash/MD5Sum/7707ded4459df5b3ed3363888d57d6cb'
'/tmp/NCI__AppstreamGeneratorPushTest20190627-23078-1exogj/remote//home/neonarchives/asgen_push.release/./main/dep11/by-hash/MD5Sum/icons-64x64@2.tar' -&gt; '/tmp/NCI__AppstreamGeneratorPushTest20190627-23078-1exogj/remote//home/neonarchives/aptly/skel/release/dists/xenial/./main/dep11/by-hash/MD5Sum/icons-64x64@2.tar'
'/tmp/NCI__AppstreamGeneratorPushTest20190627-23078-1exogj/remote//home/neonarchives/asgen_push.release/./main/dep11/by-hash/MD5Sum/798999731e6635a0794ec423cc4a623e' -&gt; '/tmp/NCI__AppstreamGeneratorPushTest20190627-23078-1exogj/remote//home/neonarchives/aptly/skel/release/dists/xenial/./main/dep11/by-hash/MD5Sum/798999731e6635a0794ec423cc4a623e'
'/tmp/NCI__AppstreamGeneratorPushTest20190627-23078-1exogj/remote//home/neonarchives/asgen_push.release/./main/dep11/by-hash/MD5Sum/icons-128x128.tar' -&gt; '/tmp/NCI__AppstreamGeneratorPushTest20190627-23078-1exogj/remote//home/neonarchives/aptly/skel/release/dists/xenial/./main/dep11/by-hash/MD5Sum/icons-128x128.tar'
'/tmp/NCI__AppstreamGeneratorPushTest20190627-23078-1exogj/remote//home/neonarchives/asgen_push.release/./main/dep11/by-hash/MD5Sum/6dbea4e94352ff654bb084a305897e1c' -&gt; '/tmp/NCI__AppstreamGeneratorPushTest20190627-23078-1exogj/remote//home/neonarchives/aptly/skel/release/dists/xenial/./main/dep11/by-hash/MD5Sum/6dbea4e94352ff654bb084a305897e1c'
'/tmp/NCI__AppstreamGeneratorPushTest20190627-23078-1exogj/remote//home/neonarchives/asgen_push.release/./main/dep11/by-hash/MD5Sum/icons-128x128@2.tar' -&gt; '/tmp/NCI__AppstreamGeneratorPushTest20190627-23078-1exogj/remote//home/neonarchives/aptly/skel/release/dists/xenial/./main/dep11/by-hash/MD5Sum/icons-128x128@2.tar'
'/tmp/NCI__AppstreamGeneratorPushTest20190627-23078-1exogj/remote//home/neonarchives/asgen_push.release/./main/dep11/by-hash/SHA1' -&gt; '/tmp/NCI__AppstreamGeneratorPushTest20190627-23078-1exogj/remote//home/neonarchives/aptly/skel/release/dists/xenial/./main/dep11/by-hash/SHA1'
'/tmp/NCI__AppstreamGeneratorPushTest20190627-23078-1exogj/remote//home/neonarchives/asgen_push.release/./main/dep11/by-hash/SHA1/c66fb48e164e5f3aeedbc880252e46d28fc49d16' -&gt; '/tmp/NCI__AppstreamGeneratorPushTest20190627-23078-1exogj/remote//home/neonarchives/aptly/skel/release/dists/xenial/./main/dep11/by-hash/SHA1/c66fb48e164e5f3aeedbc880252e46d28fc49d16'
'/tmp/
[�[32m79d9d6a2�[0m] 	NCI__AppstreamGeneratorPushTest20190627-23078-1exogj/remote//home/neonarchives/asgen_push.release/./main/dep11/by-hash/SHA1/Components-amd64.yml.gz' -&gt; '/tmp/NCI__AppstreamGeneratorPushTest20190627-23078-1exogj/remote//home/neonarchives/aptly/skel/release/dists/xenial/./main/dep11/by-hash/SHA1/Components-amd64.yml.gz'
'/tmp/NCI__AppstreamGeneratorPushTest20190627-23078-1exogj/remote//home/neonarchives/asgen_push.release/./main/dep11/by-hash/SHA1/b34c7f1060d311a7210977843d3466336d62ae1a' -&gt; '/tmp/NCI__AppstreamGeneratorPushTest20190627-23078-1exogj/remote//home/neonarchives/aptly/skel/release/dists/xenial/./main/dep11/by-hash/SHA1/b34c7f1060d311a7210977843d3466336d62ae1a'
'/tmp/NCI__AppstreamGeneratorPushTest20190627-23078-1exogj/remote//home/neonarchives/asgen_push.release/./main/dep11/by-hash/SHA1/Components-amd64.yml.xz' -&gt; '/tmp/NCI__AppstreamGeneratorPushTest20190627-23078-1exogj/remote//home/neonarchives/aptly/skel/release/dists/xenial/./main/dep11/by-hash/SHA1/Components-amd64.yml.xz'
'/tmp/NCI__AppstreamGeneratorPushTest20190627-23078-1exogj/remote//home/neonarchives/asgen_push.release/./main/dep11/by-hash/SHA1/d3f13409716f2bca4721db07bd2a1cb4e51d6c7e' -&gt; '/tmp/NCI__AppstreamGeneratorPushTest20190627-23078-1exogj/remote//home/neonarchives/aptly/skel/release/dists/xenial/./main/dep11/by-hash/SHA1/d3f13409716f2bca4721db07bd2a1cb4e51d6c7e'
'/tmp/NCI__AppstreamGeneratorPushTest20190627-23078-1exogj/remote//home/neonarchives/asgen_push.release/./main/dep11/by-hash/SHA1/icons-64x64.tar.gz' -&gt; '/tmp/NCI__AppstreamGeneratorPushTest20190627-23078-1exogj/remote//home/neonarchives/aptly/skel/release/dists/xenial/./main/dep11/by-hash/SHA1/icons-64x64.tar.gz'
'/tmp/NCI__AppstreamGeneratorPushTest20190627-23078-1exogj/remote//home/neonarchives/asgen_push.release/./main/dep11/by-hash/SHA1/d541170beb000d63771bfec0b37656e4315deaac' -&gt; '/tmp/NCI__AppstreamGeneratorPushTest20190627-23078-1exogj/remote//home/neonarchives/aptly/skel/release/dists/xenial/./main/dep11/by-hash/SHA1/d541170beb000d63771bfec0b37656e4315deaac'
'/tmp/NCI__AppstreamGeneratorPushTest20190627-23078-1exogj/remote//home/neonarchives/asgen_push.release/./main/dep11/by-hash/SHA1/icons-64x64@2.tar.gz' -&gt; '/tmp/NCI__AppstreamGeneratorPushTest20190627-23078-1exogj/remote//home/neonarchives/aptly/skel/release/dists/xenial/./main/dep11/by-hash/SHA1/icons-64x64@2.tar.gz'
'/tmp/NCI__AppstreamGeneratorPushTest20190627-23078-1exogj/remote//home/neonarchives/asgen_push.release/./main/dep11/by-hash/SHA1/de348026f553b896e82499990be47d469107f849' -&gt; '/tmp/NCI__AppstreamGeneratorPushTest20190627-23078-1exogj/remote//home/neonarchives/aptly/skel/release/dists/xenial/./main/dep11/by-hash/SHA1/de348026f553b896e82499990be47d469107f849'
'/tmp/NCI__AppstreamGeneratorPushTest20190627-23078-1exogj/remote//home/neonarchives/asgen_push.release/./main/dep11/by-hash/SHA1/icons-128x128.tar.gz' -&gt; '/tmp/NCI__AppstreamGeneratorPushTest20190627-23078-1exogj/remote//home/neonarchives/aptly/skel/release/dists/xenial/./main/dep11/by-hash/SHA1/icons-128x128.tar.gz'
'/tmp/NCI__AppstreamGeneratorPushTest20190627-23078-1exogj/remote//home/neonarchives/asgen_push.release/./main/dep11/by-hash/SHA1/82670cc3e5447b2d8d62ae247e09b636681322f5' -&gt; '/tmp/NCI__AppstreamGeneratorPushTest20190627-23078-1exogj/remote//home/neonarchives/aptly/skel/release/dists/xenial/./main/dep11/by-hash/SHA1/82670cc3e5447b2d8d62ae247e09b636681322f5'
'/tmp/NCI__AppstreamGeneratorPushTest20190627-23078-1exogj/remote//home/neonarchives/asgen_push.release/./main/dep11/by-hash/SHA1/icons-128x128@2.tar.gz' -&gt; '/tmp/NCI__AppstreamGeneratorPushTest20190627-23078-1exogj/remote//home/neonarchives/aptly/skel/release/dists/xenial/./main/dep11/by-hash/SHA1/icons-128x128@2.tar.gz'
'/tmp/NCI__AppstreamGeneratorPushTest20190627-23078-1exogj/remote//home/neonarchives/asgen_push.release/./main/dep11/by-hash/SHA1/7a2660ba2dfe246bc816fb32f3ab2fece93b7540' -&gt; '/tmp/NCI__AppstreamGeneratorPushTest20190627-23078-1exogj/remote//home/neonarchives/aptly/skel/release/dists/xenial/./main/dep11/by-hash/SHA1/7a2660ba2dfe246bc816fb32f3ab2fece93b7540'
'/tmp/NCI_
[�[32m79d9d6a2�[0m] 	_AppstreamGeneratorPushTest20190627-23078-1exogj/remote//home/neonarchives/asgen_push.release/./main/dep11/by-hash/SHA1/Components-amd64.yml' -&gt; '/tmp/NCI__AppstreamGeneratorPushTest20190627-23078-1exogj/remote//home/neonarchives/aptly/skel/release/dists/xenial/./main/dep11/by-hash/SHA1/Components-amd64.yml'
'/tmp/NCI__AppstreamGeneratorPushTest20190627-23078-1exogj/remote//home/neonarchives/asgen_push.release/./main/dep11/by-hash/SHA1/0be1e1946b457476856c31ab50f5f4ed376c6a34' -&gt; '/tmp/NCI__AppstreamGeneratorPushTest20190627-23078-1exogj/remote//home/neonarchives/aptly/skel/release/dists/xenial/./main/dep11/by-hash/SHA1/0be1e1946b457476856c31ab50f5f4ed376c6a34'
'/tmp/NCI__AppstreamGeneratorPushTest20190627-23078-1exogj/remote//home/neonarchives/asgen_push.release/./main/dep11/by-hash/SHA1/icons-64x64.tar' -&gt; '/tmp/NCI__AppstreamGeneratorPushTest20190627-23078-1exogj/remote//home/neonarchives/aptly/skel/release/dists/xenial/./main/dep11/by-hash/SHA1/icons-64x64.tar'
'/tmp/NCI__AppstreamGeneratorPushTest20190627-23078-1exogj/remote//home/neonarchives/asgen_push.release/./main/dep11/by-hash/SHA1/608ccc063451aec8607261ca31ddc4bc6d53a862' -&gt; '/tmp/NCI__AppstreamGeneratorPushTest20190627-23078-1exogj/remote//home/neonarchives/aptly/skel/release/dists/xenial/./main/dep11/by-hash/SHA1/608ccc063451aec8607261ca31ddc4bc6d53a862'
'/tmp/NCI__AppstreamGeneratorPushTest20190627-23078-1exogj/remote//home/neonarchives/asgen_push.release/./main/dep11/by-hash/SHA1/icons-64x64@2.tar' -&gt; '/tmp/NCI__AppstreamGeneratorPushTest20190627-23078-1exogj/remote//home/neonarchives/aptly/skel/release/dists/xenial/./main/dep11/by-hash/SHA1/icons-64x64@2.tar'
'/tmp/NCI__AppstreamGeneratorPushTest20190627-23078-1exogj/remote//home/neonarchives/asgen_push.release/./main/dep11/by-hash/SHA1/d21e0d5cf12349d34651e2c54456ae1ed911f981' -&gt; '/tmp/NCI__AppstreamGeneratorPushTest20190627-23078-1exogj/remote//home/neonarchives/aptly/skel/release/dists/xenial/./main/dep11/by-hash/SHA1/d21e0d5cf12349d34651e2c54456ae1ed911f981'
'/tmp/NCI__AppstreamGeneratorPushTest20190627-23078-1exogj/remote//home/neonarchives/asgen_push.release/./main/dep11/by-hash/SHA1/icons-128x128.tar' -&gt; '/tmp/NCI__AppstreamGeneratorPushTest20190627-23078-1exogj/remote//home/neonarchives/aptly/skel/release/dists/xenial/./main/dep11/by-hash/SHA1/icons-128x128.tar'
'/tmp/NCI__AppstreamGeneratorPushTest20190627-23078-1exogj/remote//home/neonarchives/asgen_push.release/./main/dep11/by-hash/SHA1/22be1c0956decd58ad554c7d4ee44e3edefb4892' -&gt; '/tmp/NCI__AppstreamGeneratorPushTest20190627-23078-1exogj/remote//home/neonarchives/aptly/skel/release/dists/xenial/./main/dep11/by-hash/SHA1/22be1c0956decd58ad554c7d4ee44e3edefb4892'
'/tmp/NCI__AppstreamGeneratorPushTest20190627-23078-1exogj/remote//home/neonarchives/asgen_push.release/./main/dep11/by-hash/SHA1/icons-128x128@2.tar' -&gt; '/tmp/NCI__AppstreamGeneratorPushTest20190627-23078-1exogj/remote//home/neonarchives/aptly/skel/release/dists/xenial/./main/dep11/by-hash/SHA1/icons-128x128@2.tar'
'/tmp/NCI__AppstreamGeneratorPushTest20190627-23078-1exogj/remote//home/neonarchives/asgen_push.release/./main/dep11/by-hash/SHA256' -&gt; '/tmp/NCI__AppstreamGeneratorPushTest20190627-23078-1exogj/remote//home/neonarchives/aptly/skel/release/dists/xenial/./main/dep11/by-hash/SHA256'
'/tmp/NCI__AppstreamGeneratorPushTest20190627-23078-1exogj/remote//home/neonarchives/asgen_push.release/./main/dep11/by-hash/SHA256/f36f455b2f3eaf2a13064867fb6d91527a5afdf9581daf16c56559ee83b7eeea' -&gt; '/tmp/NCI__AppstreamGeneratorPushTest20190627-23078-1exogj/remote//home/neonarchives/aptly/skel/release/dists/xenial/./main/dep11/by-hash/SHA256/f36f455b2f3eaf2a13064867fb6d91527a5afdf9581daf16c56559ee83b7eeea'
'/tmp/NCI__AppstreamGeneratorPushTest20190627-23078-1exogj/remote//home/neonarchives/asgen_push.release/./main/dep11/by-hash/SHA256/Components-amd64.yml.gz' -&gt; '/tmp/NCI__AppstreamGeneratorPushTest20190627-23078-1exogj/remote//home/neonarchives/aptly/skel/release/dists/xenial/./main/dep11/by-hash/SHA256/Components-amd64.yml.gz'
'/tmp/NCI__AppstreamGeneratorPushTest20190627-23078-1exogj/remote/
[�[32m79d9d6a2�[0m] 	/home/neonarchives/asgen_push.release/./main/dep11/by-hash/SHA256/0390c5584a5e57930c5373a437d46333d2a67cb2a163be2f31080ab72db60f92' -&gt; '/tmp/NCI__AppstreamGeneratorPushTest20190627-23078-1exogj/remote//home/neonarchives/aptly/skel/release/dists/xenial/./main/dep11/by-hash/SHA256/0390c5584a5e57930c5373a437d46333d2a67cb2a163be2f31080ab72db60f92'
'/tmp/NCI__AppstreamGeneratorPushTest20190627-23078-1exogj/remote//home/neonarchives/asgen_push.release/./main/dep11/by-hash/SHA256/Components-amd64.yml.xz' -&gt; '/tmp/NCI__AppstreamGeneratorPushTest20190627-23078-1exogj/remote//home/neonarchives/aptly/skel/release/dists/xenial/./main/dep11/by-hash/SHA256/Components-amd64.yml.xz'
'/tmp/NCI__AppstreamGeneratorPushTest20190627-23078-1exogj/remote//home/neonarchives/asgen_push.release/./main/dep11/by-hash/SHA256/d6c72f2dda5542bee1e5dd7ce474096bef8fd8232e6a4cbdb7186ba946c10b7f' -&gt; '/tmp/NCI__AppstreamGeneratorPushTest20190627-23078-1exogj/remote//home/neonarchives/aptly/skel/release/dists/xenial/./main/dep11/by-hash/SHA256/d6c72f2dda5542bee1e5dd7ce474096bef8fd8232e6a4cbdb7186ba946c10b7f'
'/tmp/NCI__AppstreamGeneratorPushTest20190627-23078-1exogj/remote//home/neonarchives/asgen_push.release/./main/dep11/by-hash/SHA256/icons-64x64.tar.gz' -&gt; '/tmp/NCI__AppstreamGeneratorPushTest20190627-23078-1exogj/remote//home/neonarchives/aptly/skel/release/dists/xenial/./main/dep11/by-hash/SHA256/icons-64x64.tar.gz'
'/tmp/NCI__AppstreamGeneratorPushTest20190627-23078-1exogj/remote//home/neonarchives/asgen_push.release/./main/dep11/by-hash/SHA256/66a88f20f8cd712c3e06a5298237656d3b5d6b45850dde7589cd424099cf9883' -&gt; '/tmp/NCI__AppstreamGeneratorPushTest20190627-23078-1exogj/remote//home/neonarchives/aptly/skel/release/dists/xenial/./main/dep11/by-hash/SHA256/66a88f20f8cd712c3e06a5298237656d3b5d6b45850dde7589cd424099cf9883'
'/tmp/NCI__AppstreamGeneratorPushTest20190627-23078-1exogj/remote//home/neonarchives/asgen_push.release/./main/dep11/by-hash/SHA256/icons-64x64@2.tar.gz' -&gt; '/tmp/NCI__AppstreamGeneratorPushTest20190627-23078-1exogj/remote//home/neonarchives/aptly/skel/release/dists/xenial/./main/dep11/by-hash/SHA256/icons-64x64@2.tar.gz'
'/tmp/NCI__AppstreamGeneratorPushTest20190627-23078-1exogj/remote//home/neonarchives/asgen_push.release/./main/dep11/by-hash/SHA256/f3075e99498f1dc4df8b352e44f88ebe9537718fcb05e714d64bbe116b3d01dd' -&gt; '/tmp/NCI__AppstreamGeneratorPushTest20190627-23078-1exogj/remote//home/neonarchives/aptly/skel/release/dists/xenial/./main/dep11/by-hash/SHA256/f3075e99498f1dc4df8b352e44f88ebe9537718fcb05e714d64bbe116b3d01dd'
'/tmp/NCI__AppstreamGeneratorPushTest20190627-23078-1exogj/remote//home/neonarchives/asgen_push.release/./main/dep11/by-hash/SHA256/icons-128x128.tar.gz' -&gt; '/tmp/NCI__AppstreamGeneratorPushTest20190627-23078-1exogj/remote//home/neonarchives/aptly/skel/release/dists/xenial/./main/dep11/by-hash/SHA256/icons-128x128.tar.gz'
'/tmp/NCI__AppstreamGeneratorPushTest20190627-23078-1exogj/remote//home/neonarchives/asgen_push.release/./main/dep11/by-hash/SHA256/378fb4c25aa4ee339a25df4042099fa5bf96bdcccf8a7a173ee7464586ae02f8' -&gt; '/tmp/NCI__AppstreamGeneratorPushTest20190627-23078-1exogj/remote//home/neonarchives/aptly/skel/release/dists/xenial/./main/dep11/by-hash/SHA256/378fb4c25aa4ee339a25df4042099fa5bf96bdcccf8a7a173ee7464586ae02f8'
'/tmp/NCI__AppstreamGeneratorPushTest20190627-23078-1exogj/remote//home/neonarchives/asgen_push.release/./main/dep11/by-hash/SHA256/icons-128x128@2.tar.gz' -&gt; '/tmp/NCI__AppstreamGeneratorPushTest20190627-23078-1exogj/remote//home/neonarchives/aptly/skel/release/dists/xenial/./main/dep11/by-hash/SHA256/icons-128x128@2.tar.gz'
'/tmp/NCI__AppstreamGeneratorPushTest20190627-23078-1exogj/remote//home/neonarchives/asgen_push.release/./main/dep11/by-hash/SHA256/9e9816a2fbc96f35408c6b30f91a3ebab681d142f0da582a8a610771abb982eb' -&gt; '/tmp/NCI__AppstreamGeneratorPushTest20190627-23078-1exogj/remote//home/neonarchives/aptly/skel/release/dists/xenial/./main/dep11/by-hash/SHA256/9e9816a2fbc96f35408c6b30f91a3ebab681d142f0da582a8a610771abb982eb'
'/tmp/NCI__AppstreamGeneratorPushTest20190627-23078-1exogj/remot
[�[32m79d9d6a2�[0m] 	e//home/neonarchives/asgen_push.release/./main/dep11/by-hash/SHA256/Components-amd64.yml' -&gt; '/tmp/NCI__AppstreamGeneratorPushTest20190627-23078-1exogj/remote//home/neonarchives/aptly/skel/release/dists/xenial/./main/dep11/by-hash/SHA256/Components-amd64.yml'
'/tmp/NCI__AppstreamGeneratorPushTest20190627-23078-1exogj/remote//home/neonarchives/asgen_push.release/./main/dep11/by-hash/SHA256/4431d93954a3060fcfc60a88b796cacc2590e3170196281d089f1e05aaeb0f87' -&gt; '/tmp/NCI__AppstreamGeneratorPushTest20190627-23078-1exogj/remote//home/neonarchives/aptly/skel/release/dists/xenial/./main/dep11/by-hash/SHA256/4431d93954a3060fcfc60a88b796cacc2590e3170196281d089f1e05aaeb0f87'
'/tmp/NCI__AppstreamGeneratorPushTest20190627-23078-1exogj/remote//home/neonarchives/asgen_push.release/./main/dep11/by-hash/SHA256/icons-64x64.tar' -&gt; '/tmp/NCI__AppstreamGeneratorPushTest20190627-23078-1exogj/remote//home/neonarchives/aptly/skel/release/dists/xenial/./main/dep11/by-hash/SHA256/icons-64x64.tar'
'/tmp/NCI__AppstreamGeneratorPushTest20190627-23078-1exogj/remote//home/neonarchives/asgen_push.release/./main/dep11/by-hash/SHA256/2607d3750aed156df63171c1ba11771803f4a2e74a5489c8aa255cd8eba096cc' -&gt; '/tmp/NCI__AppstreamGeneratorPushTest20190627-23078-1exogj/remote//home/neonarchives/aptly/skel/release/dists/xenial/./main/dep11/by-hash/SHA256/2607d3750aed156df63171c1ba11771803f4a2e74a5489c8aa255cd8eba096cc'
'/tmp/NCI__AppstreamGeneratorPushTest20190627-23078-1exogj/remote//home/neonarchives/asgen_push.release/./main/dep11/by-hash/SHA256/icons-64x64@2.tar' -&gt; '/tmp/NCI__AppstreamGeneratorPushTest20190627-23078-1exogj/remote//home/neonarchives/aptly/skel/release/dists/xenial/./main/dep11/by-hash/SHA256/icons-64x64@2.tar'
'/tmp/NCI__AppstreamGeneratorPushTest20190627-23078-1exogj/remote//home/neonarchives/asgen_push.release/./main/dep11/by-hash/SHA256/b074c57fd5b2ce18dd3b787bd347087079340638926e35bd0b7cdb40a1cff9ee' -&gt; '/tmp/NCI__AppstreamGeneratorPushTest20190627-23078-1exogj/remote//home/neonarchives/aptly/skel/release/dists/xenial/./main/dep11/by-hash/SHA256/b074c57fd5b2ce18dd3b787bd347087079340638926e35bd0b7cdb40a1cff9ee'
'/tmp/NCI__AppstreamGeneratorPushTest20190627-23078-1exogj/remote//home/neonarchives/asgen_push.release/./main/dep11/by-hash/SHA256/icons-128x128.tar' -&gt; '/tmp/NCI__AppstreamGeneratorPushTest20190627-23078-1exogj/remote//home/neonarchives/aptly/skel/release/dists/xenial/./main/dep11/by-hash/SHA256/icons-128x128.tar'
'/tmp/NCI__AppstreamGeneratorPushTest20190627-23078-1exogj/remote//home/neonarchives/asgen_push.release/./main/dep11/by-hash/SHA256/c61ddcf14a6e3448ff26015503585a71ae4fba50727ce26bb6bb2353d2eef1d8' -&gt; '/tmp/NCI__AppstreamGeneratorPushTest20190627-23078-1exogj/remote//home/neonarchives/aptly/skel/release/dists/xenial/./main/dep11/by-hash/SHA256/c61ddcf14a6e3448ff26015503585a71ae4fba50727ce26bb6bb2353d2eef1d8'
'/tmp/NCI__AppstreamGeneratorPushTest20190627-23078-1exogj/remote//home/neonarchives/asgen_push.release/./main/dep11/by-hash/SHA256/icons-128x128@2.tar' -&gt; '/tmp/NCI__AppstreamGeneratorPushTest20190627-23078-1exogj/remote//home/neonarchives/aptly/skel/release/dists/xenial/./main/dep11/by-hash/SHA256/icons-128x128@2.tar'
'/tmp/NCI__AppstreamGeneratorPushTest20190627-23078-1exogj/remote//home/neonarchives/asgen_push.release/./main/dep11/by-hash/SHA512' -&gt; '/tmp/NCI__AppstreamGeneratorPushTest20190627-23078-1exogj/remote//home/neonarchives/aptly/skel/release/dists/xenial/./main/dep11/by-hash/SHA512'
'/tmp/NCI__AppstreamGeneratorPushTest20190627-23078-1exogj/remote//home/neonarchives/asgen_push.release/./main/dep11/by-hash/SHA512/3429fbec12ce6157e2b9c2994b2ae74022b19f4aea0774f9aa0ec2c69fdf8f37209cc2e8654f5ac51203807a38fb2f1a541ae5cc89ba566a098e7e8f394bd223' -&gt; '/tmp/NCI__AppstreamGeneratorPushTest20190627-23078-1exogj/remote//home/neonarchives/aptly/skel/release/dists/xenial/./main/dep11/by-hash/SHA512/3429fbec12ce6157e2b9c2994b2ae74022b19f4aea0774f9aa0ec2c69fdf8f37209cc2e8654f5ac51203807a38fb2f1a541ae5cc89ba566a098e7e8f394bd223'
'/tmp/NCI__AppstreamGeneratorPushTest20190627-23078-1exogj/remote//home/neonarchives/asgen_pus
[�[32m79d9d6a2�[0m] 	h.release/./main/dep11/by-hash/SHA512/Components-amd64.yml.gz' -&gt; '/tmp/NCI__AppstreamGeneratorPushTest20190627-23078-1exogj/remote//home/neonarchives/aptly/skel/release/dists/xenial/./main/dep11/by-hash/SHA512/Components-amd64.yml.gz'
'/tmp/NCI__AppstreamGeneratorPushTest20190627-23078-1exogj/remote//home/neonarchives/asgen_push.release/./main/dep11/by-hash/SHA512/cdaf32ee4589b6f97e67e08c47e4260c921c12e4b10537f9d2e1050a5a312348be66e1419508d0d06e9f6a4eeee3da6b7857d5182d3aad2e953e44c1645da8e9' -&gt; '/tmp/NCI__AppstreamGeneratorPushTest20190627-23078-1exogj/remote//home/neonarchives/aptly/skel/release/dists/xenial/./main/dep11/by-hash/SHA512/cdaf32ee4589b6f97e67e08c47e4260c921c12e4b10537f9d2e1050a5a312348be66e1419508d0d06e9f6a4eeee3da6b7857d5182d3aad2e953e44c1645da8e9'
'/tmp/NCI__AppstreamGeneratorPushTest20190627-23078-1exogj/remote//home/neonarchives/asgen_push.release/./main/dep11/by-hash/SHA512/Components-amd64.yml.xz' -&gt; '/tmp/NCI__AppstreamGeneratorPushTest20190627-23078-1exogj/remote//home/neonarchives/aptly/skel/release/dists/xenial/./main/dep11/by-hash/SHA512/Components-amd64.yml.xz'
'/tmp/NCI__AppstreamGeneratorPushTest20190627-23078-1exogj/remote//home/neonarchives/asgen_push.release/./main/dep11/by-hash/SHA512/b367bbff2de46e27cdd600ae5122838f29eb0e449a92f5479b963ae2035319b68a1454f0536615d57514fe082b07e81988d70f33104634c105ec4af74393a234' -&gt; '/tmp/NCI__AppstreamGeneratorPushTest20190627-23078-1exogj/remote//home/neonarchives/aptly/skel/release/dists/xenial/./main/dep11/by-hash/SHA512/b367bbff2de46e27cdd600ae5122838f29eb0e449a92f5479b963ae2035319b68a1454f0536615d57514fe082b07e81988d70f33104634c105ec4af74393a234'
'/tmp/NCI__AppstreamGeneratorPushTest20190627-23078-1exogj/remote//home/neonarchives/asgen_push.release/./main/dep11/by-hash/SHA512/icons-64x64.tar.gz' -&gt; '/tmp/NCI__AppstreamGeneratorPushTest20190627-23078-1exogj/remote//home/neonarchives/aptly/skel/release/dists/xenial/./main/dep11/by-hash/SHA512/icons-64x64.tar.gz'
'/tmp/NCI__AppstreamGeneratorPushTest20190627-23078-1exogj/remote//home/neonarchives/asgen_push.release/./main/dep11/by-hash/SHA512/120d802acb333f95e8a7d2cefcd0645e3c5c739eef41c75a79d321efa72b8563b3f751fe36f4d4caf8d55a6b4082580c0c09ba1864a9abaf74373ee0d6585074' -&gt; '/tmp/NCI__AppstreamGeneratorPushTest20190627-23078-1exogj/remote//home/neonarchives/aptly/skel/release/dists/xenial/./main/dep11/by-hash/SHA512/120d802acb333f95e8a7d2cefcd0645e3c5c739eef41c75a79d321efa72b8563b3f751fe36f4d4caf8d55a6b4082580c0c09ba1864a9abaf74373ee0d6585074'
'/tmp/NCI__AppstreamGeneratorPushTest20190627-23078-1exogj/remote//home/neonarchives/asgen_push.release/./main/dep11/by-hash/SHA512/icons-64x64@2.tar.gz' -&gt; '/tmp/NCI__AppstreamGeneratorPushTest20190627-23078-1exogj/remote//home/neonarchives/aptly/skel/release/dists/xenial/./main/dep11/by-hash/SHA512/icons-64x64@2.tar.gz'
'/tmp/NCI__AppstreamGeneratorPushTest20190627-23078-1exogj/remote//home/neonarchives/asgen_push.release/./main/dep11/by-hash/SHA512/92905ac281c3f9faad91202db786b9a1b7e2b63d951ca4d29fa3bac50886521b75a7933d22f0934c6ca406798a32ac8bbac5419840c3e7b1728dcf2120b61ee7' -&gt; '/tmp/NCI__AppstreamGeneratorPushTest20190627-23078-1exogj/remote//home/neonarchives/aptly/skel/release/dists/xenial/./main/dep11/by-hash/SHA512/92905ac281c3f9faad91202db786b9a1b7e2b63d951ca4d29fa3bac50886521b75a7933d22f0934c6ca406798a32ac8bbac5419840c3e7b1728dcf2120b61ee7'
'/tmp/NCI__AppstreamGeneratorPushTest20190627-23078-1exogj/remote//home/neonarchives/asgen_push.release/./main/dep11/by-hash/SHA512/icons-128x128.tar.gz' -&gt; '/tmp/NCI__AppstreamGeneratorPushTest20190627-23078-1exogj/remote//home/neonarchives/aptly/skel/release/dists/xenial/./main/dep11/by-hash/SHA512/icons-128x128.tar.gz'
'/tmp/NCI__AppstreamGeneratorPushTest20190627-23078-1exogj/remote//home/neonarchives/asgen_push.release/./main/dep11/by-hash/SHA512/4d0f0dd09cadc458899fb7d3c6af9971ffdb5cf6f7a78be2e3d0603dda3a63576aba92fe8e2aa2941144da9988c87733200f734b82983f5e7a3826e720f4cfad' -&gt; '/tmp/NCI__AppstreamGeneratorPushTest20190627-23078-1exogj/remote//home/neonarchives/aptly/skel/release/dists/xenial/./main/dep11/by-hash
[�[32m79d9d6a2�[0m] 	/SHA512/4d0f0dd09cadc458899fb7d3c6af9971ffdb5cf6f7a78be2e3d0603dda3a63576aba92fe8e2aa2941144da9988c87733200f734b82983f5e7a3826e720f4cfad'
'/tmp/NCI__AppstreamGeneratorPushTest20190627-23078-1exogj/remote//home/neonarchives/asgen_push.release/./main/dep11/by-hash/SHA512/icons-128x128@2.tar.gz' -&gt; '/tmp/NCI__AppstreamGeneratorPushTest20190627-23078-1exogj/remote//home/neonarchives/aptly/skel/release/dists/xenial/./main/dep11/by-hash/SHA512/icons-128x128@2.tar.gz'
'/tmp/NCI__AppstreamGeneratorPushTest20190627-23078-1exogj/remote//home/neonarchives/asgen_push.release/./main/dep11/by-hash/SHA512/e059ce2ef631c45152597449e02d1433ce2df8a251f68793478a11d600ec09e97718c730895ef8cace10a67264683a1694c3e85b1db78623d976160149dc3d85' -&gt; '/tmp/NCI__AppstreamGeneratorPushTest20190627-23078-1exogj/remote//home/neonarchives/aptly/skel/release/dists/xenial/./main/dep11/by-hash/SHA512/e059ce2ef631c45152597449e02d1433ce2df8a251f68793478a11d600ec09e97718c730895ef8cace10a67264683a1694c3e85b1db78623d976160149dc3d85'
'/tmp/NCI__AppstreamGeneratorPushTest20190627-23078-1exogj/remote//home/neonarchives/asgen_push.release/./main/dep11/by-hash/SHA512/Components-amd64.yml' -&gt; '/tmp/NCI__AppstreamGeneratorPushTest20190627-23078-1exogj/remote//home/neonarchives/aptly/skel/release/dists/xenial/./main/dep11/by-hash/SHA512/Components-amd64.yml'
'/tmp/NCI__AppstreamGeneratorPushTest20190627-23078-1exogj/remote//home/neonarchives/asgen_push.release/./main/dep11/by-hash/SHA512/27a9160cfb11f62d5809a3c5a4de756aa100666145c2638ffdb4956092ad3feee7009d67fe6dff2c89720970adf5721a66a688657d5ad0b7cbf54c75f5ace72f' -&gt; '/tmp/NCI__AppstreamGeneratorPushTest20190627-23078-1exogj/remote//home/neonarchives/aptly/skel/release/dists/xenial/./main/dep11/by-hash/SHA512/27a9160cfb11f62d5809a3c5a4de756aa100666145c2638ffdb4956092ad3feee7009d67fe6dff2c89720970adf5721a66a688657d5ad0b7cbf54c75f5ace72f'
'/tmp/NCI__AppstreamGeneratorPushTest20190627-23078-1exogj/remote//home/neonarchives/asgen_push.release/./main/dep11/by-hash/SHA512/icons-64x64.tar' -&gt; '/tmp/NCI__AppstreamGeneratorPushTest20190627-23078-1exogj/remote//home/neonarchives/aptly/skel/release/dists/xenial/./main/dep11/by-hash/SHA512/icons-64x64.tar'
'/tmp/NCI__AppstreamGeneratorPushTest20190627-23078-1exogj/remote//home/neonarchives/asgen_push.release/./main/dep11/by-hash/SHA512/f7a31e1c796cb47c834e66565e4243281b7dbcb09fa3812ff4045097e88937c8cadd6a6a5e5943b079890c5281e1f18cf0503276e1ea651d25e7bf4ff7985c36' -&gt; '/tmp/NCI__AppstreamGeneratorPushTest20190627-23078-1exogj/remote//home/neonarchives/aptly/skel/release/dists/xenial/./main/dep11/by-hash/SHA512/f7a31e1c796cb47c834e66565e4243281b7dbcb09fa3812ff4045097e88937c8cadd6a6a5e5943b079890c5281e1f18cf0503276e1ea651d25e7bf4ff7985c36'
'/tmp/NCI__AppstreamGeneratorPushTest20190627-23078-1exogj/remote//home/neonarchives/asgen_push.release/./main/dep11/by-hash/SHA512/icons-64x64@2.tar' -&gt; '/tmp/NCI__AppstreamGeneratorPushTest20190627-23078-1exogj/remote//home/neonarchives/aptly/skel/release/dists/xenial/./main/dep11/by-hash/SHA512/icons-64x64@2.tar'
'/tmp/NCI__AppstreamGeneratorPushTest20190627-23078-1exogj/remote//home/neonarchives/asgen_push.release/./main/dep11/by-hash/SHA512/979698a7736909a27f4cb8ecfb887dda395a4f4b7b2ec7e1b0ff155e3642f1c0b25ab6f04110fdee3da225af5ae7134987cc7b9a6399d0351d33d553b3c27ba3' -&gt; '/tmp/NCI__AppstreamGeneratorPushTest20190627-23078-1exogj/remote//home/neonarchives/aptly/skel/release/dists/xenial/./main/dep11/by-hash/SHA512/979698a7736909a27f4cb8ecfb887dda395a4f4b7b2ec7e1b0ff155e3642f1c0b25ab6f04110fdee3da225af5ae7134987cc7b9a6399d0351d33d553b3c27ba3'
'/tmp/NCI__AppstreamGeneratorPushTest20190627-23078-1exogj/remote//home/neonarchives/asgen_push.release/./main/dep11/by-hash/SHA512/icons-128x128.tar' -&gt; '/tmp/NCI__AppstreamGeneratorPushTest20190627-23078-1exogj/remote//home/neonarchives/aptly/skel/release/dists/xenial/./main/dep11/by-hash/SHA512/icons-128x128.tar'
'/tmp/NCI__AppstreamGeneratorPushTest20190627-23078-1exogj/remote//home/neonarchives/asgen_push.release/./main/dep11/by-hash/SHA512/71761edaf4021098b3887e3a766b249613039e2da04914bb0c91ddbd9a802806
[�[32m79d9d6a2�[0m] 	a3d4071177060b28728265d5c53e75307facb7618b265dc062e6288d7331ca0b' -&gt; '/tmp/NCI__AppstreamGeneratorPushTest20190627-23078-1exogj/remote//home/neonarchives/aptly/skel/release/dists/xenial/./main/dep11/by-hash/SHA512/71761edaf4021098b3887e3a766b249613039e2da04914bb0c91ddbd9a802806a3d4071177060b28728265d5c53e75307facb7618b265dc062e6288d7331ca0b'
'/tmp/NCI__AppstreamGeneratorPushTest20190627-23078-1exogj/remote//home/neonarchives/asgen_push.release/./main/dep11/by-hash/SHA512/icons-128x128@2.tar' -&gt; '/tmp/NCI__AppstreamGeneratorPushTest20190627-23078-1exogj/remote//home/neonarchives/aptly/skel/release/dists/xenial/./main/dep11/by-hash/SHA512/icons-128x128@2.tar'
[�[32m79d9d6a2�[0m] Finished in 0.004 seconds with exit status 0 (�[32;1msuccessful�[0m)
'/tmp/NCI__AppstreamGeneratorPushTest20190627-23078-1exogj/remote//home/neonarchives/asgen_push.release/./main' -&gt; '/tmp/NCI__AppstreamGeneratorPushTest20190627-23078-1exogj/remote//home/neonarchives/aptly/skel/release/dists/xenial/./main'
'/tmp/NCI__AppstreamGeneratorPushTest20190627-23078-1exogj/remote//home/neonarchives/asgen_push.release/./main/dep11' -&gt; '/tmp/NCI__AppstreamGeneratorPushTest20190627-23078-1exogj/remote//home/neonarchives/aptly/skel/release/dists/xenial/./main/dep11'
'/tmp/NCI__AppstreamGeneratorPushTest20190627-23078-1exogj/remote//home/neonarchives/asgen_push.release/./main/dep11/Components-amd64.yml.gz' -&gt; '/tmp/NCI__AppstreamGeneratorPushTest20190627-23078-1exogj/remote//home/neonarchives/aptly/skel/release/dists/xenial/./main/dep11/Components-amd64.yml.gz'
'/tmp/NCI__AppstreamGeneratorPushTest20190627-23078-1exogj/remote//home/neonarchives/asgen_push.release/./main/dep11/Components-amd64.yml.xz' -&gt; '/tmp/NCI__AppstreamGeneratorPushTest20190627-23078-1exogj/remote//home/neonarchives/aptly/skel/release/dists/xenial/./main/dep11/Components-amd64.yml.xz'
'/tmp/NCI__AppstreamGeneratorPushTest20190627-23078-1exogj/remote//home/neonarchives/asgen_push.release/./main/dep11/icons-64x64.tar.gz' -&gt; '/tmp/NCI__AppstreamGeneratorPushTest20190627-23078-1exogj/remote//home/neonarchives/aptly/skel/release/dists/xenial/./main/dep11/icons-64x64.tar.gz'
'/tmp/NCI__AppstreamGeneratorPushTest20190627-23078-1exogj/remote//home/neonarchives/asgen_push.release/./main/dep11/icons-64x64@2.tar.gz' -&gt; '/tmp/NCI__AppstreamGeneratorPushTest20190627-23078-1exogj/remote//home/neonarchives/aptly/skel/release/dists/xenial/./main/dep11/icons-64x64@2.tar.gz'
'/tmp/NCI__AppstreamGeneratorPushTest20190627-23078-1exogj/remote//home/neonarchives/asgen_push.release/./main/dep11/icons-128x128.tar.gz' -&gt; '/tmp/NCI__AppstreamGeneratorPushTest20190627-23078-1exogj/remote//home/neonarchives/aptly/skel/release/dists/xenial/./main/dep11/icons-128x128.tar.gz'
'/tmp/NCI__AppstreamGeneratorPushTest20190627-23078-1exogj/remote//home/neonarchives/asgen_push.release/./main/dep11/icons-128x128@2.tar.gz' -&gt; '/tmp/NCI__AppstreamGeneratorPushTest20190627-23078-1exogj/remote//home/neonarchives/aptly/skel/release/dists/xenial/./main/dep11/icons-128x128@2.tar.gz'
'/tmp/NCI__AppstreamGeneratorPushTest20190627-23078-1exogj/remote//home/neonarchives/asgen_push.release/./main/dep11/Components-amd64.yml' -&gt; '/tmp/NCI__AppstreamGeneratorPushTest20190627-23078-1exogj/remote//home/neonarchives/aptly/skel/release/dists/xenial/./main/dep11/Components-amd64.yml'
'/tmp/NCI__AppstreamGeneratorPushTest20190627-23078-1exogj/remote//home/neonarchives/asgen_push.release/./main/dep11/icons-64x64.tar' -&gt; '/tmp/NCI__AppstreamGeneratorPushTest20190627-23078-1exogj/remote//home/neonarchives/aptly/skel/release/dists/xenial/./main/dep11/icons-64x64.tar'
'/tmp/NCI__AppstreamGeneratorPushTest20190627-23078-1exogj/remote//home/neonarchives/asgen_push.release/./main/dep11/icons-64x64@2.tar' -&gt; '/tmp/NCI__AppstreamGeneratorPushTest20190627-23078-1exogj/remote//home/neonarchives/aptly/skel/release/dists/xenial/./main/dep11/icons-64x64@2.tar'
'/tmp/NCI__AppstreamGeneratorPushTest20190627-23078-1exogj/remote//home/neonarchives/asgen_push.release/./main/dep11/icons-128x128.tar' -&gt; '/tmp/NCI__AppstreamGeneratorPushTest20190627-23078-1exogj/remote//home/neonarchives/aptly/skel/release/dists/xenial/./main/dep11/icons-128x128.tar'
'/tmp/NCI__AppstreamGeneratorPushTest20190627-23078-1exogj/remote//home/neonarchives/asgen_push.release/./main/dep11/icons-128x128@2.tar' -&gt; '/tmp/NCI__AppstreamGeneratorPushTest20190627-23078-1exogj/remote//home/neonarchives/aptly/skel/release/dists/xenial/./main/dep11/icons-128x128@2.tar'
'/tmp/NCI__AppstreamGeneratorPushTest20190627-23078-1exogj/remote//home/neonarchives/asgen_push.release/./main/dep11/by-hash' -&gt; '/tmp/NCI__AppstreamGeneratorPushTest20190627-23078-1exogj/remote//home/neonarchives/aptly/skel/release/dists/xenial/./main/dep11/by-hash'
'/tmp/NCI__AppstreamGeneratorPushTest20190627-23078-1exogj/remote//home/neonarchives/asgen_push.release/./main/dep11/by-hash/MD5Sum' -&gt; '/tmp/NCI__AppstreamGeneratorPushTest20190627-23078-1exogj/remote//home/neonarchives/aptly/skel/release/dists/xenial/./main/dep11/by-hash/MD5Sum'
'/tmp/NCI__AppstreamGeneratorPushTest20190627-23078-1exogj/remote//home/neonarchives/asgen_push.release/./main/dep11/by-hash/MD5Sum/63f5e1f66d4a081dcc21bb29637e69de' -&gt; '/tmp/NCI__AppstreamGeneratorPushTest20190627-23078-1exogj/remote//home/neonarchives/aptly/skel/release/dists/xenial/./main/dep11/by-hash/MD5Sum/63f5e1f66d4a081dcc21bb29637e69de'
'/tmp/NCI__AppstreamGeneratorPushTest20190627-23078-1exogj/remote//home/neonarchives/asgen_push.release/./main/dep11/by-hash/MD5Sum/Components-amd64.yml.gz' -&gt; '/tmp/NCI__AppstreamGeneratorPushTest20190627-23078-1exogj/remote//home/neonarchives/aptly/skel/release/dists/xenial/./main/dep11/by-hash/MD5Sum/Components-amd64.yml.gz'
'/tmp/NCI__AppstreamGeneratorPushTest20190627-23078-1exogj/remote//home/neonarchives/asgen_push.release/./main/dep11/by-hash/MD5Sum/2a42a2c7a5dbd3fdb2e832aed8b2cbd5' -&gt; '/tmp/NCI__AppstreamGeneratorPushTest20190627-23078-1exogj/remote//home/neonarchives/aptly/skel/release/dists/xenial/./main/dep11/by-hash/MD5Sum/2a42a2c7a5dbd3fdb2e832aed8b2cbd5'
'/tmp/NCI__AppstreamGeneratorPushTest20190627-23078-1exogj/remote//home/neonarchives/asgen_push.release/./main/dep11/by-hash/MD5Sum/Components-amd64.yml.xz' -&gt; '/tmp/NCI__AppstreamGeneratorPushTest20190627-23078-1exogj/remote//home/neonarchives/aptly/skel/release/dists/xenial/./main/dep11/by-hash/MD5Sum/Components-amd64.yml.xz'
'/tmp/NCI__AppstreamGeneratorPushTest20190627-23078-1exogj/remote//home/neonarchives/asgen_push.release/./main/dep11/by-hash/MD5Sum/9667bd64845dc8363b10df4cfd615941' -&gt; '/tmp/NCI__AppstreamGeneratorPushTest20190627-23078-1exogj/remote//home/neonarchives/aptly/skel/release/dists/xenial/./main/dep11/by-hash/MD5Sum/9667bd64845dc8363b10df4cfd615941'
'/tmp/NCI__AppstreamGeneratorPushTest20190627-23078-1exogj/remote//home/neonarchives/asgen_push.release/./main/dep11/by-hash/MD5Sum/icons-64x64.tar.gz' -&gt; '/tmp/NCI__AppstreamGeneratorPushTest20190627-23078-1exogj/remote//home/neonarchives/aptly/skel/release/dists/xenial/./main/dep11/by-hash/MD5Sum/icons-64x64.tar.gz'
'/tmp/NCI__AppstreamGeneratorPushTest20190627-23078-1exogj/remote//home/neonarchives/asgen_push.release/./main/dep11/by-hash/MD5Sum/559ff445fc035c15bb89a4b3b28b85bd' -&gt; '/tmp/NCI__AppstreamGeneratorPushTest20190627-23078-1exogj/remote//home/neonarchives/aptly/skel/release/dists/xenial/./main/dep11/by-hash/MD5Sum/559ff445fc035c15bb89a4b3b28b85bd'
'/tmp/NCI__AppstreamGeneratorPushTest20190627-23078-1exogj/remote//home/neonarchives/asgen_push.release/./main/dep11/by-hash/MD5Sum/icons-64x64@2.tar.gz' -&gt; '/tmp/NCI__AppstreamGeneratorPushTest20190627-23078-1exogj/remote//home/neonarchives/aptly/skel/release/dists/xenial/./main/dep11/by-hash/MD5Sum/icons-64x64@2.tar.gz'
'/tmp/NCI__AppstreamGeneratorPushTest20190627-23078-1exogj/remote//home/neonarchives/asgen_push.release/./main/dep11/by-hash/MD5Sum/edf6e273bb804f93d7bc4899e94a4cd9' -&gt; '/tmp/NCI__AppstreamGeneratorPushTest20190627-23078-1exogj/remote//home/neonarchives/aptly/skel/release/dists/xenial/./main/dep11/by-hash/MD5Sum/edf6e273bb804f93d7bc4899e94a4cd9'
'/tmp/NCI__AppstreamGeneratorPushTest20190627-23078-1exogj/remote//home/neonarchives/asgen_push.release/./main/dep11/by-hash/MD5Sum/icons-128x128.tar.gz' -&gt; '/tmp/NCI__AppstreamGeneratorPushTest20190627-23078-1exogj/remote//home/neonarchives/aptly/skel/release/dists/xenial/./main/dep11/by-hash/MD5Sum/icons-128x128.tar.gz'
'/tmp/NCI__AppstreamGeneratorPushTest20190627-23078-1exogj/remote//home/neonarchives/asgen_push.release/./main/dep11/by-hash/MD5Sum/dbfb9226c1ceb7c5a673e0d4514b8490' -&gt; '/tmp/NCI__AppstreamGeneratorPushTest20190627-23078-1exogj/remote//home/neonarchives/aptly/skel/release/dists/xenial/./main/dep11/by-hash/MD5Sum/dbfb9226c1ceb7c5a673e0d4514b8490'
'/tmp/NCI__AppstreamGeneratorPushTest20190627-23078-1exogj/remote//home/neonarchives/asgen_push.release/./main/dep11/by-hash/MD5Sum/icons-128x128@2.tar.gz' -&gt; '/tmp/NCI__AppstreamGeneratorPushTest20190627-23078-1exogj/remote//home/neonarchives/aptly/skel/release/dists/xenial/./main/dep11/by-hash/MD5Sum/icons-128x128@2.tar.gz'
'/tmp/NCI__AppstreamGeneratorPushTest20190627-23078-1exogj/remote//home/neonarchives/asgen_push.release/./main/dep11/by-hash/MD5Sum/dccf61d58db1d100d60d2836b1092a92' -&gt; '/tmp/NCI__AppstreamGeneratorPushTest20190627-23078-1exogj/remote//home/neonarchives/aptly/skel/release/dists/xenial/./main/dep11/by-hash/MD5Sum/dccf61d58db1d100d60d2836b1092a92'
'/tmp/NCI__AppstreamGeneratorPushTest20190627-23078-1exogj/remote//home/neonarchives/asgen_push.release/./main/dep11/by-hash/MD5Sum/Components-amd64.yml' -&gt; '/tmp/NCI__AppstreamGeneratorPushTest20190627-23078-1exogj/remote//home/neonarchives/aptly/skel/release/dists/xenial/./main/dep11/by-hash/MD5Sum/Components-amd64.yml'
'/tmp/NCI__AppstreamGeneratorPushTest20190627-23078-1exogj/remote//home/neonarchives/asgen_push.release/./main/dep11/by-hash/MD5Sum/5be74f5b56428a2435061810bcdd0c07' -&gt; '/tmp/NCI__AppstreamGeneratorPushTest20190627-23078-1exogj/remote//home/neonarchives/aptly/skel/release/dists/xenial/./main/dep11/by-hash/MD5Sum/5be74f5b56428a2435061810bcdd0c07'
'/tmp/NCI__AppstreamGeneratorPushTest20190627-23078-1exogj/remote//home/neonarchives/asgen_push.release/./main/dep11/by-hash/MD5Sum/icons-64x64.tar' -&gt; '/tmp/NCI__AppstreamGeneratorPushTest20190627-23078-1exogj/remote//home/neonarchives/aptly/skel/release/dists/xenial/./main/dep11/by-hash/MD5Sum/icons-64x64.tar'
'/tmp/NCI__AppstreamGeneratorPushTest20190627-23078-1exogj/remote//home/neonarchives/asgen_push.release/./main/dep11/by-hash/MD5Sum/7707ded4459df5b3ed3363888d57d6cb' -&gt; '/tmp/NCI__AppstreamGeneratorPushTest20190627-23078-1exogj/remote//home/neonarchives/aptly/skel/release/dists/xenial/./main/dep11/by-hash/MD5Sum/7707ded4459df5b3ed3363888d57d6cb'
[...]
Blobs to delete in SHA512: []
The data dir /tmp/NCI__AppstreamGeneratorPushTest20190627-23078-oxpz5m/run/export/data does not exist. It seems asgen found no new data. Skipping publish!
glob
All blobs in MD5Sum: ["/home/neonarchives/asgen_push.release/main/dep11/by-hash/MD5Sum/63f5e1f66d4a081dcc21bb29637e69de", "/home/neonarchives/asgen_push.release/main/dep11/by-hash/MD5Sum/63f5e1f66d4a081dcc21bb29637e69de", "/home/neonarchives/asgen_push.release/main/dep11/by-hash/MD5Sum/2a42a2c7a5dbd3fdb2e832aed8b2cbd5", "/home/neonarchives/asgen_push.release/main/dep11/by-hash/MD5Sum/2a42a2c7a5dbd3fdb2e832aed8b2cbd5", "/home/neonarchives/asgen_push.release/main/dep11/by-hash/MD5Sum/9667bd64845dc8363b10df4cfd615941", "/home/neonarchives/asgen_push.release/main/dep11/by-hash/MD5Sum/9667bd64845dc8363b10df4cfd615941", "/home/neonarchives/asgen_push.release/main/dep11/by-hash/MD5Sum/559ff445fc035c15bb89a4b3b28b85bd", "/home/neonarchives/asgen_push.release/main/dep11/by-hash/MD5Sum/559ff445fc035c15bb89a4b3b28b85bd", "/home/neonarchives/asgen_push.release/main/dep11/by-hash/MD5Sum/edf6e273bb804f93d7bc4899e94a4cd9", "/home/neonarchives/asgen_push.release/main/dep11/by-hash/MD5Sum/edf6e273bb804f93d7bc4899e94a4cd9", "/home/neonarchives/asgen_push.release/main/dep11/by-hash/MD5Sum/dbfb9226c1ceb7c5a673e0d4514b8490", "/home/neonarchives/asgen_push.release/main/dep11/by-hash/MD5Sum/dbfb9226c1ceb7c5a673e0d4514b8490", "/home/neonarchives/asgen_push.release/main/dep11/by-hash/MD5Sum/dccf61d58db1d100d60d2836b1092a92", "/home/neonarchives/asgen_push.release/main/dep11/by-hash/MD5Sum/dccf61d58db1d100d60d2836b1092a92", "/home/neonarchives/asgen_push.release/main/dep11/by-hash/MD5Sum/5be74f5b56428a2435061810bcdd0c07", "/home/neonarchives/asgen_push.release/main/dep11/by-hash/MD5Sum/5be74f5b56428a2435061810bcdd0c07", "/home/neonarchives/asgen_push.release/main/dep11/by-hash/MD5Sum/7707ded4459df5b3ed3363888d57d6cb", "/home/neonarchives/asgen_push.release/main/dep11/by-hash/MD5Sum/7707ded4459df5b3ed3363888d57d6cb", "/home/neonarchives/asgen_push.release/main/dep11/by-hash/MD5Sum/798999731e6635a0794ec423cc4a623e", "/home/neonarchives/asgen_push.release/main/dep11/by-hash/MD5Sum/798999731e6635a0794ec423cc4a623e", "/home/neonarchives/asgen_push.release/main/dep11/by-hash/MD5Sum/6dbea4e94352ff654bb084a305897e1c", "/home/neonarchives/asgen_push.release/main/dep11/by-hash/MD5Sum/6dbea4e94352ff654bb084a305897e1c"]
Used blobs in MD5Sum: ["/home/neonarchives/asgen_push.release/main/dep11/by-hash/MD5Sum/63f5e1f66d4a081dcc21bb29637e69de", "/home/neonarchives/asgen_push.release/main/dep11/by-hash/MD5Sum/2a42a2c7a5dbd3fdb2e832aed8b2cbd5", "/home/neonarchives/asgen_push.release/main/dep11/by-hash/MD5Sum/9667bd64845dc8363b10df4cfd615941", "/home/neonarchives/asgen_push.release/main/dep11/by-hash/MD5Sum/559ff445fc035c15bb89a4b3b28b85bd", "/home/neonarchives/asgen_push.release/main/dep11/by-hash/MD5Sum/edf6e273bb804f93d7bc4899e94a4cd9", "/home/neonarchives/asgen_push.release/main/dep11/by-hash/MD5Sum/dbfb9226c1ceb7c5a673e0d4514b8490", "/home/neonarchives/asgen_push.release/main/dep11/by-hash/MD5Sum/dccf61d58db1d100d60d2836b1092a92", "/home/neonarchives/asgen_push.release/main/dep11/by-hash/MD5Sum/5be74f5b56428a2435061810bcdd0c07", "/home/neonarchives/asgen_push.release/main/dep11/by-hash/MD5Sum/7707ded4459df5b3ed3363888d57d6cb", "/home/neonarchives/asgen_push.release/main/dep11/by-hash/MD5Sum/798999731e6635a0794ec423cc4a623e", "/home/neonarchives/asgen_push.release/main/dep11/by-hash/MD5Sum/6dbea4e94352ff654bb084a305897e1c", "/home/neonarchives/asgen_push.release/main/dep11/by-hash/MD5Sum/e3f347cf9d52eeb49cace577d3cb1239"]
Blobs to delete in MD5Sum: ["/home/neonarchives/asgen_push.release/main/dep11/by-hash/MD5Sum/e3f347cf9d52eeb49cace577d3cb1239"]
glob
All blobs in SHA1: ["/home/neonarchives/asgen_push.release/main/dep11/by-hash/SHA1/c66fb48e164e5f3aeedbc880252e46d28fc49d16", "/home/neonarchives/asgen_push.release/main/dep11/by-hash/SHA1/c66fb48e164e5f3aeedbc880252e46d28fc49d16", "/home/neonarchives/asgen_push.release/main/dep11/by-hash/SHA1/b34c7f1060d311a7210977843d3466336d62ae1a", "/home/neonarchives/asgen_push.release/main/dep11/by-hash/SHA1/b34c7f1060d311a7210977843d3466336d62ae1a", "/home/neonarchives/asgen_push.release/main/dep11/by-hash/SHA1/d3f13409716f2bca4721db07bd2a1cb4e51d6c7e", "/home/neonarchives/asgen_push.release/main/dep11/by-hash/SHA1/d3f13409716f2bca4721db07bd2a1cb4e51d6c7e", "/home/neonarchives/asgen_push.release/main/dep11/by-hash/SHA1/d541170beb000d63771bfec0b37656e4315deaac", "/home/neonarchives/asgen_push.release/main/dep11/by-hash/SHA1/d541170beb000d63771bfec0b37656e4315deaac", "/home/neonarchives/asgen_push.release/main/dep11/by-hash/SHA1/de348026f553b896e82499990be47d469107f849", "/home/neonarchives/asgen_push.release/main/dep11/by-hash/SHA1/de348026f553b896e82499990be47d469107f849", "/home/neonarchives/asgen_push.release/main/dep11/by-hash/SHA1/82670cc3e5447b2d8d62ae247e09b636681322f5", "/home/neonarchives/asgen_push.release/main/dep11/by-hash/SHA1/82670cc3e5447b2d8d62ae247e09b636681322f5", "/home/neonarchives/asgen_push.release/main/dep11/by-hash/SHA1/7a2660ba2dfe246bc816fb32f3ab2fece93b7540", "/home/neonarchives/asgen_push.release/main/dep11/by-hash/SHA1/7a2660ba2dfe246bc816fb32f3ab2fece93b7540", "/home/neonarchives/asgen_push.release/main/dep11/by-hash/SHA1/0be1e1946b457476856c31ab50f5f4ed376c6a34", "/home/neonarchives/asgen_push.release/main/dep11/by-hash/SHA1/0be1e1946b457476856c31ab50f5f4ed376c6a34", "/home/neonarchives/asgen_push.release/main/dep11/by-hash/SHA1/608ccc063451aec8607261ca31ddc4bc6d53a862", "/home/neonarchives/asgen_push.release/main/dep11/by-hash/SHA1/608ccc063451aec8607261ca31ddc4bc6d53a862", "/home/neonarchives/asgen_push.release/main/dep11/by-hash/SHA1/d21e0d5cf12349d34651e2c54456ae1ed911f981", "/home/neonarchives/asgen_push.release/main/dep11/by-hash/SHA1/d21e0d5cf12349d34651e2c54456ae1ed911f981", "/home/neonarchives/asgen_push.release/main/dep11/by-hash/SHA1/22be1c0956decd58ad554c7d4ee44e3edefb4892", "/home/neonarchives/asgen_push.release/main/dep11/by-hash/SHA1/22be1c0956decd58ad554c7d4ee44e3edefb4892"]
Used blobs in SHA1: ["/home/neonarchives/asgen_push.release/main/dep11/by-hash/SHA1/c66fb48e164e5f3aeedbc880252e46d28fc49d16", "/home/neonarchives/asgen_push.release/main/dep11/by-hash/SHA1/b34c7f1060d311a7210977843d3466336d62ae1a", "/home/neonarchives/asgen_push.release/main/dep11/by-hash/SHA1/d3f13409716f2bca4721db07bd2a1cb4e51d6c7e", "/home/neonarchives/asgen_push.release/main/dep11/by-hash/SHA1/d541170beb000d63771bfec0b37656e4315deaac", "/home/neonarchives/asgen_push.release/main/dep11/by-hash/SHA1/de348026f553b896e82499990be47d469107f849", "/home/neonarchives/asgen_push.release/main/dep11/by-hash/SHA1/82670cc3e5447b2d8d62ae247e09b636681322f5", "/home/neonarchives/asgen_push.release/main/dep11/by-hash/SHA1/7a2660ba2dfe246bc816fb32f3ab2fece93b7540", "/home/neonarchives/asgen_push.release/main/dep11/by-hash/SHA1/0be1e1946b457476856c31ab50f5f4ed376c6a34", "/home/neonarchives/asgen_push.release/main/dep11/by-hash/SHA1/608ccc063451aec8607261ca31ddc4bc6d53a862", "/home/neonarchives/asgen_push.release/main/dep11/by-hash/SHA1/d21e0d5cf12349d34651e2c54456ae1ed911f981", "/home/neonarchives/asgen_push.release/main/dep11/by-hash/SHA1/22be1c0956decd58ad554c7d4ee44e3edefb4892"]
Blobs to delete in SHA1: []
glob
All blobs in SHA256: ["/home/neonarchives/asgen_push.release/main/dep11/by-hash/SHA256/f36f455b2f3eaf2a13064867fb6d91527a5afdf9581daf16c56559ee83b7eeea", "/home/neonarchives/asgen_push.release/main/dep11/by-hash/SHA256/f36f455b2f3eaf2a13064867fb6d91527a5afdf9581daf16c56559ee83b7eeea", "/home/neonarchives/asgen_push.release/main/dep11/by-hash/SHA256/0390c5584a5e57930c5373a437d46333d2a67cb2a163be2f31080ab72db60f92", "/home/neonarchives/asgen_push.release/main/dep11/by-hash/SHA256/0390c5584a5e57930c5373a437d46333d2a67cb2a163be2f31080ab72db60f92", "/home/neonarchives/asgen_push.release/main/dep11/by-hash/SHA256/d6c72f2dda5542bee1e5dd7ce474096bef8fd8232e6a4cbdb7186ba946c10b7f", "/home/neonarchives/asgen_push.release/main/dep11/by-hash/SHA256/d6c72f2dda5542bee1e5dd7ce474096bef8fd8232e6a4cbdb7186ba946c10b7f", "/home/neonarchives/asgen_push.release/main/dep11/by-hash/SHA256/66a88f20f8cd712c3e06a5298237656d3b5d6b45850dde7589cd424099cf9883", "/home/neonarchives/asgen_push.release/main/dep11/by-hash/SHA256/66a88f20f8cd712c3e06a5298237656d3b5d6b45850dde7589cd424099cf9883", "/home/neonarchives/asgen_push.release/main/dep11/by-hash/SHA256/f3075e99498f1dc4df8b352e44f88ebe9537718fcb05e714d64bbe116b3d01dd", "/home/neonarchives/asgen_push.release/main/dep11/by-hash/SHA256/f3075e99498f1dc4df8b352e44f88ebe9537718fcb05e714d64bbe116b3d01dd", "/home/neonarchives/asgen_push.release/main/dep11/by-hash/SHA256/378fb4c25aa4ee339a25df4042099fa5bf96bdcccf8a7a173ee7464586ae02f8", "/home/neonarchives/asgen_push.release/main/dep11/by-hash/SHA256/378fb4c25aa4ee339a25df4042099fa5bf96bdcccf8a7a173ee7464586ae02f8", "/home/neonarchives/asgen_push.release/main/dep11/by-hash/SHA256/9e9816a2fbc96f35408c6b30f91a3ebab681d142f0da582a8a610771abb982eb", "/home/neonarchives/asgen_push.release/main/dep11/by-hash/SHA256/9e9816a2fbc96f35408c6b30f91a3ebab681d142f0da582a8a610771abb982eb", "/home/neonarchives/asgen_push.release/main/dep11/by-hash/SHA256/4431d93954a3060fcfc60a88b796cacc2590e3170196281d089f1e05aaeb0f87", "/home/neonarchives/asgen_push.release/main/dep11/by-hash/SHA256/4431d93954a3060fcfc60a88b796cacc2590e3170196281d089f1e05aaeb0f87", "/home/neonarchives/asgen_push.release/main/dep11/by-hash/SHA256/2607d3750aed156df63171c1ba11771803f4a2e74a5489c8aa255cd8eba096cc", "/home/neonarchives/asgen_push.release/main/dep11/by-hash/SHA256/2607d3750aed156df63171c1ba11771803f4a2e74a5489c8aa255cd8eba096cc", "/home/neonarchives/asgen_push.release/main/dep11/by-hash/SHA256/b074c57fd5b2ce18dd3b787bd347087079340638926e35bd0b7cdb40a1cff9ee", "/home/neonarchives/asgen_push.release/main/dep11/by-hash/SHA256/b074c57fd5b2ce18dd3b787bd347087079340638926e35bd0b7cdb40a1cff9ee", "/home/neonarchives/asgen_push.release/main/dep11/by-hash/SHA256/c61ddcf14a6e3448ff26015503585a71ae4fba50727ce26bb6bb2353d2eef1d8", "/home/neonarchives/asgen_push.release/main/dep11/by-hash/SHA256/c61ddcf14a6e3448ff26015503585a71ae4fba50727ce26bb6bb2353d2eef1d8"]
Used blobs in SHA256: ["/home/neonarchives/asgen_push.release/main/dep11/by-hash/SHA256/f36f455b2f3eaf2a13064867fb6d91527a5afdf9581daf16c56559ee83b7eeea", "/home/neonarchives/asgen_push.release/main/dep11/by-hash/SHA256/0390c5584a5e57930c5373a437d46333d2a67cb2a163be2f31080ab72db60f92", "/home/neonarchives/asgen_push.release/main/dep11/by-hash/SHA256/d6c72f2dda5542bee1e5dd7ce474096bef8fd8232e6a4cbdb7186ba946c10b7f", "/home/neonarchives/asgen_push.release/main/dep11/by-hash/SHA256/66a88f20f8cd712c3e06a5298237656d3b5d6b45850dde7589cd424099cf9883", "/home/neonarchives/asgen_push.release/main/dep11/by-hash/SHA256/f3075e99498f1dc4df8b352e44f88ebe9537718fcb05e714d64bbe116b3d01dd", "/home/neonarchives/asgen_push.release/main/dep11/by-hash/SHA256/378fb4c25aa4ee339a25df4042099fa5bf96bdcccf8a7a173ee7464586ae02f8", "/home/neonarchives/asgen_push.release/main/dep11/by-hash/SHA256/9e9816a2fbc96f35408c6b30f91a3ebab681d142f0da582a8a610771abb982eb", "/home/neonarchives/asgen_push.release/main/dep11/by-hash/SHA256/4431d93954a3060fcfc60a88b796cacc2590e3170196281d089f1e05aaeb0f87", "/home/neonarchives/asgen_push.release/main/dep11/by-hash/SHA256/2607d3750aed156df63171c1ba11771803f4a2e74a5489c8aa255cd8eba096cc", "/home/neonarchives/asgen_push.release/main/dep11/by-hash/SHA256/b074c57fd5b2ce18dd3b787bd347087079340638926e35bd0b7cdb40a1cff9ee", "/home/neonarchives/asgen_push.release/main/dep11/by-hash/SHA256/c61ddcf14a6e3448ff26015503585a71ae4fba50727ce26bb6bb2353d2eef1d8"]
Blobs to delete in SHA256: []
glob
All blobs in SHA512: ["/home/neonarchives/asgen_push.release/main/dep11/by-hash/SHA512/3429fbec12ce6157e2b9c2994b2ae74022b19f4aea0774f9aa0ec2c69fdf8f37209cc2e8654f5ac51203807a38fb2f1a541ae5cc89ba566a098e7e8f394bd223", "/home/neonarchives/asgen_push.release/main/dep11/by-hash/SHA512/3429fbec12ce6157e2b9c2994b2ae74022b19f4aea0774f9aa0ec2c69fdf8f37209cc2e8654f5ac51203807a38fb2f1a541ae5cc89ba566a098e7e8f394bd223", "/home/neonarchives/asgen_push.release/main/dep11/by-hash/SHA512/cdaf32ee4589b6f97e67e08c47e4260c921c12e4b10537f9d2e1050a5a312348be66e1419508d0d06e9f6a4eeee3da6b7857d5182d3aad2e953e44c1645da8e9", "/home/neonarchives/asgen_push.release/main/dep11/by-hash/SHA512/cdaf32ee4589b6f97e67e08c47e4260c921c12e4b10537f9d2e1050a5a312348be66e1419508d0d06e9f6a4eeee3da6b7857d5182d3aad2e953e44c1645da8e9", "/home/neonarchives/asgen_push.release/main/dep11/by-hash/SHA512/b367bbff2de46e27cdd600ae5122838f29eb0e449a92f5479b963ae2035319b68a1454f0536615d57514fe082b07e81988d70f33104634c105ec4af74393a234", "/home/neonarchives/asgen_push.release/main/dep11/by-hash/SHA512/b367bbff2de46e27cdd600ae5122838f29eb0e449a92f5479b963ae2035319b68a1454f0536615d57514fe082b07e81988d70f33104634c105ec4af74393a234", "/home/neonarchives/asgen_push.release/main/dep11/by-hash/SHA512/120d802acb333f95e8a7d2cefcd0645e3c5c739eef41c75a79d321efa72b8563b3f751fe36f4d4caf8d55a6b4082580c0c09ba1864a9abaf74373ee0d6585074", "/home/neonarchives/asgen_push.release/main/dep11/by-hash/SHA512/120d802acb333f95e8a7d2cefcd0645e3c5c739eef41c75a79d321efa72b8563b3f751fe36f4d4caf8d55a6b4082580c0c09ba1864a9abaf74373ee0d6585074", "/home/neonarchives/asgen_push.release/main/dep11/by-hash/SHA512/92905ac281c3f9faad91202db786b9a1b7e2b63d951ca4d29fa3bac50886521b75a7933d22f0934c6ca406798a32ac8bbac5419840c3e7b1728dcf2120b61ee7", "/home/neonarchives/asgen_push.release/main/dep11/by-hash/SHA512/92905ac281c3f9faad91202db786b9a1b7e2b63d951ca4d29fa3bac50886521b75a7933d22f0934c6ca406798a32ac8bbac5419840c3e7b1728dcf2120b61ee7", "/home/neonarchives/asgen_push.release/main/dep11/by-hash/SHA512/4d0f0dd09cadc458899fb7d3c6af9971ffdb5cf6f7a78be2e3d0603dda3a63576aba92fe8e2aa2941144da9988c87733200f734b82983f5e7a3826e720f4cfad", "/home/neonarchives/asgen_push.release/main/dep11/by-hash/SHA512/4d0f0dd09cadc458899fb7d3c6af9971ffdb5cf6f7a78be2e3d0603dda3a63576aba92fe8e2aa2941144da9988c87733200f734b82983f5e7a3826e720f4cfad", "/home/neonarchives/asgen_push.release/main/dep11/by-hash/SHA512/e059ce2ef631c45152597449e02d1433ce2df8a251f68793478a11d600ec09e97718c730895ef8cace10a67264683a1694c3e85b1db78623d976160149dc3d85", "/home/neonarchives/asgen_push.release/main/dep11/by-hash/SHA512/e059ce2ef631c45152597449e02d1433ce2df8a251f68793478a11d600ec09e97718c730895ef8cace10a67264683a1694c3e85b1db78623d976160149dc3d85", "/home/neonarchives/asgen_push.release/main/dep11/by-hash/SHA512/27a9160cfb11f62d5809a3c5a4de756aa100666145c2638ffdb4956092ad3feee7009d67fe6dff2c89720970adf5721a66a688657d5ad0b7cbf54c75f5ace72f", "/home/neonarchives/asgen_push.release/main/dep11/by-hash/SHA512/27a9160cfb11f62d5809a3c5a4de756aa100666145c2638ffdb4956092ad3feee7009d67fe6dff2c89720970adf5721a66a688657d5ad0b7cbf54c75f5ace72f", "/home/neonarchives/asgen_push.release/main/dep11/by-hash/SHA512/f7a31e1c796cb47c834e66565e4243281b7dbcb09fa3812ff4045097e88937c8cadd6a6a5e5943b079890c5281e1f18cf0503276e1ea651d25e7bf4ff7985c36", "/home/neonarchives/asgen_push.release/main/dep11/by-hash/SHA512/f7a31e1c796cb47c834e66565e4243281b7dbcb09fa3812ff4045097e88937c8cadd6a6a5e5943b079890c5281e1f18cf0503276e1ea651d25e7bf4ff7985c36", "/home/neonarchives/asgen_push.release/main/dep11/by-hash/SHA512/979698a7736909a27f4cb8ecfb887dda395a4f4b7b2ec7e1b0ff155e3642f1c0b25ab6f04110fdee3da225af5ae7134987cc7b9a6399d0351d33d553b3c27ba3", "/home/neonarchives/asgen_push.release/main/dep11/by-hash/SHA512/979698a7736909a27f4cb8ecfb887dda395a4f4b7b2ec7e1b0ff155e3642f1c0b25ab6f04110fdee3da225af5ae7134987cc7b9a6399d0351d33d553b3c27ba3", "/home/neonarchives/asgen_push.release/main/dep11/by-hash/SHA512/71761edaf4021098b3887e3a766b249613039e2da04914bb0c91ddbd9a802806a3d4071177060b28728265d5c53e75307facb7618b265dc062e6288d7331ca0b", "/home/neonarchives/asgen_push.release/main/dep11/by-hash/SHA512/71761edaf4021098b3887e3a766b249613039e2da04914bb0c91ddbd9a802806a3d4071177060b28728265d5c53e75307facb7618b265dc062e6288d7331ca0b"]
Used blobs in SHA512: ["/home/neonarchives/asgen_push.release/main/dep11/by-hash/SHA512/3429fbec12ce6157e2b9c2994b2ae74022b19f4aea0774f9aa0ec2c69fdf8f37209cc2e8654f5ac51203807a38fb2f1a541ae5cc89ba566a098e7e8f394bd223", "/home/neonarchives/asgen_push.release/main/dep11/by-hash/SHA512/cdaf32ee4589b6f97e67e08c47e4260c921c12e4b10537f9d2e1050a5a312348be66e1419508d0d06e9f6a4eeee3da6b7857d5182d3aad2e953e44c1645da8e9", "/home/neonarchives/asgen_push.release/main/dep11/by-hash/SHA512/b367bbff2de46e27cdd600ae5122838f29eb0e449a92f5479b963ae2035319b68a1454f0536615d57514fe082b07e81988d70f33104634c105ec4af74393a234", "/home/neonarchives/asgen_push.release/main/dep11/by-hash/SHA512/120d802acb333f95e8a7d2cefcd0645e3c5c739eef41c75a79d321efa72b8563b3f751fe36f4d4caf8d55a6b4082580c0c09ba1864a9abaf74373ee0d6585074", "/home/neonarchives/asgen_push.release/main/dep11/by-hash/SHA512/92905ac281c3f9faad91202db786b9a1b7e2b63d951ca4d29fa3bac50886521b75a7933d22f0934c6ca406798a32ac8bbac5419840c3e7b1728dcf2120b61ee7", "/home/neonarchives/asgen_push.release/main/dep11/by-hash/SHA512/4d0f0dd09cadc458899fb7d3c6af9971ffdb5cf6f7a78be2e3d0603dda3a63576aba92fe8e2aa2941144da9988c87733200f734b82983f5e7a3826e720f4cfad", "/home/neonarchives/asgen_push.release/main/dep11/by-hash/SHA512/e059ce2ef631c45152597449e02d1433ce2df8a251f68793478a11d600ec09e97718c730895ef8cace10a67264683a1694c3e85b1db78623d976160149dc3d85", "/home/neonarchives/asgen_push.release/main/dep11/by-hash/SHA512/27a9160cfb11f62d5809a3c5a4de756aa100666145c2638ffdb4956092ad3feee7009d67fe6dff2c89720970adf5721a66a688657d5ad0b7cbf54c75f5ace72f", "/home/neonarchives/asgen_push.release/main/dep11/by-hash/SHA512/f7a31e1c796cb47c834e66565e4243281b7dbcb09fa3812ff4045097e88937c8cadd6a6a5e5943b079890c5281e1f18cf0503276e1ea651d25e7bf4ff7985c36", "/home/neonarchives/asgen_push.release/main/dep11/by-hash/SHA512/979698a7736909a27f4cb8ecfb887dda395a4f4b7b2ec7e1b0ff155e3642f1c0b25ab6f04110fdee3da225af5ae7134987cc7b9a6399d0351d33d553b3c27ba3", "/home/neonarchives/asgen_push.release/main/dep11/by-hash/SHA512/71761edaf4021098b3887e3a766b249613039e2da04914bb0c91ddbd9a802806a3d4071177060b28728265d5c53e75307facb7618b265dc062e6288d7331ca0b"]
Blobs to delete in SHA512: []
  </system-err>
</testsuite>
